This is pdfTeX, Version 3.141592653-2.6-1.40.25 (MiKTeX 23.5) (preloaded format=pdflatex 2023.9.10)  23 DEC 2025 11:44
entering extended mode
 restricted \write18 enabled.
 file:line:error style messages enabled.
 %&-line parsing enabled.
**"c:/Users/cidmo/Documents/INSA/GE4/Projet S7/Rapport_final/main.tex"
(c:/Users/cidmo/Documents/INSA/GE4/Projet S7/Rapport_final/main.tex
LaTeX2e <2023-06-01> patch level 1
L3 programming layer <2023-08-29>
(C:\Users\cidmo\AppData\Local\Programs\MiKTeX\tex/latex/base\article.cls
Document Class: article 2023/05/17 v1.4n Standard LaTeX document class
(C:\Users\cidmo\AppData\Local\Programs\MiKTeX\tex/latex/base\size10.clo
File: size10.clo 2023/05/17 v1.4n Standard LaTeX file (size option)
)
\c@part=\count185
\c@section=\count186
\c@subsection=\count187
\c@subsubsection=\count188
\c@paragraph=\count189
\c@subparagraph=\count190
\c@figure=\count191
\c@table=\count192
\abovecaptionskip=\skip48
\belowcaptionskip=\skip49
\bibindent=\dimen140
) (Import.tex (C:\Users\cidmo\AppData\Local\Programs\MiKTeX\tex/generic/babel\babel.sty
Package: babel 2023/08/29 v3.93 The Babel package
\babel@savecnt=\count193
\U@D=\dimen141
\l@unhyphenated=\language79
 (C:\Users\cidmo\AppData\Local\Programs\MiKTeX\tex/generic/babel\txtbabel.def)
\bbl@readstream=\read2
\bbl@dirlevel=\count194

*************************************
* Local config file bblopts.cfg used
*
(C:\Users\cidmo\AppData\Local\Programs\MiKTeX\tex/latex/arabi\bblopts.cfg
File: bblopts.cfg 2005/09/08 v0.1 add Arabic and Farsi to "declared" options of babel
) (C:\Users\cidmo\AppData\Local\Programs\MiKTeX\tex/generic/babel-french\french.ldf
Language: french 2023/03/08 v3.5q French support from the babel system
Package babel Info: Hyphen rules for 'acadian' set to \l@french
(babel)             (\language22). Reported on input line 91.
Package babel Info: Hyphen rules for 'canadien' set to \l@french
(babel)             (\language22). Reported on input line 92.
\FB@nonchar=\count195
Package babel Info: Making : an active character on input line 395.
Package babel Info: Making ; an active character on input line 396.
Package babel Info: Making ! an active character on input line 397.
Package babel Info: Making ? an active character on input line 398.
\FBguill@level=\count196
\FBold@everypar=\toks17
\FB@Mht=\dimen142
\mc@charclass=\count197
\mc@charfam=\count198
\mc@charslot=\count199
\std@mcc=\count266
\dec@mcc=\count267
\FB@parskip=\dimen143
\listindentFB=\dimen144
\descindentFB=\dimen145
\labelindentFB=\dimen146
\labelwidthFB=\dimen147
\leftmarginFB=\dimen148
\parindentFFN=\dimen149
\FBfnindent=\dimen150
)) (C:\Users\cidmo\AppData\Local\Programs\MiKTeX\tex/generic/babel/locale/fr\babel-french.tex
Package babel Info: Importing font and identification data for french
(babel)             from babel-fr.ini. Reported on input line 11.
) (C:\Users\cidmo\AppData\Local\Programs\MiKTeX\tex/latex/carlisle\scalefnt.sty) (C:\Users\cidmo\AppData\Local\Programs\MiKTeX\tex/latex/graphics\keyval.sty
Package: keyval 2022/05/29 v1.15 key=value parser (DPC)
\KV@toks@=\toks18
) (C:\Users\cidmo\AppData\Local\Programs\MiKTeX\tex/latex/base\inputenc.sty
Package: inputenc 2021/02/14 v1.3d Input encoding file
\inpenc@prehook=\toks19
\inpenc@posthook=\toks20
) (C:\Users\cidmo\AppData\Local\Programs\MiKTeX\tex/latex/base\fontenc.sty
Package: fontenc 2021/04/29 v2.0v Standard LaTeX package
) (C:\Users\cidmo\AppData\Local\Programs\MiKTeX\tex/latex/graphics\graphicx.sty
Package: graphicx 2021/09/16 v1.2d Enhanced LaTeX Graphics (DPC,SPQR)
 (C:\Users\cidmo\AppData\Local\Programs\MiKTeX\tex/latex/graphics\graphics.sty
Package: graphics 2022/03/10 v1.4e Standard LaTeX Graphics (DPC,SPQR)
 (C:\Users\cidmo\AppData\Local\Programs\MiKTeX\tex/latex/graphics\trig.sty
Package: trig 2021/08/11 v1.11 sin cos tan (DPC)
) (C:\Users\cidmo\AppData\Local\Programs\MiKTeX\tex/latex/graphics-cfg\graphics.cfg
File: graphics.cfg 2016/06/04 v1.11 sample graphics configuration
)
Package graphics Info: Driver file: pdftex.def on input line 107.
 (C:\Users\cidmo\AppData\Local\Programs\MiKTeX\tex/latex/graphics-def\pdftex.def
File: pdftex.def 2022/09/22 v1.2b Graphics/color driver for pdftex
))
\Gin@req@height=\dimen151
\Gin@req@width=\dimen152
) (C:\Users\cidmo\AppData\Local\Programs\MiKTeX\tex/latex/listings\listings.sty
\lst@mode=\count268
\lst@gtempboxa=\box51
\lst@token=\toks21
\lst@length=\count269
\lst@currlwidth=\dimen153
\lst@column=\count270
\lst@pos=\count271
\lst@lostspace=\dimen154
\lst@width=\dimen155
\lst@newlines=\count272
\lst@lineno=\count273
\lst@maxwidth=\dimen156
 (C:\Users\cidmo\AppData\Local\Programs\MiKTeX\tex/latex/listings\lstmisc.sty
File: lstmisc.sty 2023/02/27 1.9 (Carsten Heinz)
\c@lstnumber=\count274
\lst@skipnumbers=\count275
\lst@framebox=\box52
) (C:\Users\cidmo\AppData\Local\Programs\MiKTeX\tex/latex/listings\listings.cfg
File: listings.cfg 2023/02/27 1.9 listings configuration
))
Package: listings 2023/02/27 1.9 (Carsten Heinz)
 (C:\Users\cidmo\AppData\Local\Programs\MiKTeX\tex/latex/geometry\geometry.sty
Package: geometry 2020/01/02 v5.9 Page Geometry
 (C:\Users\cidmo\AppData\Local\Programs\MiKTeX\tex/generic/iftex\ifvtex.sty
Package: ifvtex 2019/10/25 v1.7 ifvtex legacy package. Use iftex instead.
 (C:\Users\cidmo\AppData\Local\Programs\MiKTeX\tex/generic/iftex\iftex.sty
Package: iftex 2022/02/03 v1.0f TeX engine tests
))
\Gm@cnth=\count276
\Gm@cntv=\count277
\c@Gm@tempcnt=\count278
\Gm@bindingoffset=\dimen157
\Gm@wd@mp=\dimen158
\Gm@odd@mp=\dimen159
\Gm@even@mp=\dimen160
\Gm@layoutwidth=\dimen161
\Gm@layoutheight=\dimen162
\Gm@layouthoffset=\dimen163
\Gm@layoutvoffset=\dimen164
\Gm@dimlist=\toks22
 (C:\Users\cidmo\AppData\Local\Programs\MiKTeX\tex/latex/geometry\geometry.cfg)) (C:\Users\cidmo\AppData\Local\Programs\MiKTeX\tex/latex/fancyhdr\fancyhdr.sty
Package: fancyhdr 2022/11/09 v4.1 Extensive control of page headers and footers
\f@nch@headwidth=\skip50
\f@nch@O@elh=\skip51
\f@nch@O@erh=\skip52
\f@nch@O@olh=\skip53
\f@nch@O@orh=\skip54
\f@nch@O@elf=\skip55
\f@nch@O@erf=\skip56
\f@nch@O@olf=\skip57
\f@nch@O@orf=\skip58
) (C:\Users\cidmo\AppData\Local\Programs\MiKTeX\tex/latex/lm\lmodern.sty
Package: lmodern 2015/05/01 v1.6.1 Latin Modern Fonts
LaTeX Font Info:    Overwriting symbol font `operators' in version `normal'
(Font)                  OT1/cmr/m/n --> OT1/lmr/m/n on input line 22.
LaTeX Font Info:    Overwriting symbol font `letters' in version `normal'
(Font)                  OML/cmm/m/it --> OML/lmm/m/it on input line 23.
LaTeX Font Info:    Overwriting symbol font `symbols' in version `normal'
(Font)                  OMS/cmsy/m/n --> OMS/lmsy/m/n on input line 24.
LaTeX Font Info:    Overwriting symbol font `largesymbols' in version `normal'
(Font)                  OMX/cmex/m/n --> OMX/lmex/m/n on input line 25.
LaTeX Font Info:    Overwriting symbol font `operators' in version `bold'
(Font)                  OT1/cmr/bx/n --> OT1/lmr/bx/n on input line 26.
LaTeX Font Info:    Overwriting symbol font `letters' in version `bold'
(Font)                  OML/cmm/b/it --> OML/lmm/b/it on input line 27.
LaTeX Font Info:    Overwriting symbol font `symbols' in version `bold'
(Font)                  OMS/cmsy/b/n --> OMS/lmsy/b/n on input line 28.
LaTeX Font Info:    Overwriting symbol font `largesymbols' in version `bold'
(Font)                  OMX/cmex/m/n --> OMX/lmex/m/n on input line 29.
LaTeX Font Info:    Overwriting math alphabet `\mathbf' in version `normal'
(Font)                  OT1/cmr/bx/n --> OT1/lmr/bx/n on input line 31.
LaTeX Font Info:    Overwriting math alphabet `\mathsf' in version `normal'
(Font)                  OT1/cmss/m/n --> OT1/lmss/m/n on input line 32.
LaTeX Font Info:    Overwriting math alphabet `\mathit' in version `normal'
(Font)                  OT1/cmr/m/it --> OT1/lmr/m/it on input line 33.
LaTeX Font Info:    Overwriting math alphabet `\mathtt' in version `normal'
(Font)                  OT1/cmtt/m/n --> OT1/lmtt/m/n on input line 34.
LaTeX Font Info:    Overwriting math alphabet `\mathbf' in version `bold'
(Font)                  OT1/cmr/bx/n --> OT1/lmr/bx/n on input line 35.
LaTeX Font Info:    Overwriting math alphabet `\mathsf' in version `bold'
(Font)                  OT1/cmss/bx/n --> OT1/lmss/bx/n on input line 36.
LaTeX Font Info:    Overwriting math alphabet `\mathit' in version `bold'
(Font)                  OT1/cmr/bx/it --> OT1/lmr/bx/it on input line 37.
LaTeX Font Info:    Overwriting math alphabet `\mathtt' in version `bold'
(Font)                  OT1/cmtt/m/n --> OT1/lmtt/m/n on input line 38.
) (C:\Users\cidmo\AppData\Local\Programs\MiKTeX\tex/latex/float\float.sty
Package: float 2001/11/08 v1.3d Float enhancements (AL)
\c@float@type=\count279
\float@exts=\toks23
\float@box=\box53
\@float@everytoks=\toks24
\@floatcapt=\box54
) (C:\Users\cidmo\AppData\Local\Programs\MiKTeX\tex/latex/enumitem\enumitem.sty
Package: enumitem 2019/06/20 v3.9 Customized lists
\labelindent=\skip59
\enit@outerparindent=\dimen165
\enit@toks=\toks25
\enit@inbox=\box55
\enit@count@id=\count280
\enitdp@description=\count281
) (C:\Users\cidmo\AppData\Local\Programs\MiKTeX\tex/latex/amsmath\amsmath.sty
Package: amsmath 2023/05/13 v2.17o AMS math features
\@mathmargin=\skip60

For additional information on amsmath, use the `?' option.
(C:\Users\cidmo\AppData\Local\Programs\MiKTeX\tex/latex/amsmath\amstext.sty
Package: amstext 2021/08/26 v2.01 AMS text
 (C:\Users\cidmo\AppData\Local\Programs\MiKTeX\tex/latex/amsmath\amsgen.sty
File: amsgen.sty 1999/11/30 v2.0 generic functions
\@emptytoks=\toks26
\ex@=\dimen166
)) (C:\Users\cidmo\AppData\Local\Programs\MiKTeX\tex/latex/amsmath\amsbsy.sty
Package: amsbsy 1999/11/29 v1.2d Bold Symbols
\pmbraise@=\dimen167
) (C:\Users\cidmo\AppData\Local\Programs\MiKTeX\tex/latex/amsmath\amsopn.sty
Package: amsopn 2022/04/08 v2.04 operator names
)
\inf@bad=\count282
LaTeX Info: Redefining \frac on input line 234.
\uproot@=\count283
\leftroot@=\count284
LaTeX Info: Redefining \overline on input line 399.
LaTeX Info: Redefining \colon on input line 410.
\classnum@=\count285
\DOTSCASE@=\count286
LaTeX Info: Redefining \ldots on input line 496.
LaTeX Info: Redefining \dots on input line 499.
LaTeX Info: Redefining \cdots on input line 620.
\Mathstrutbox@=\box56
\strutbox@=\box57
LaTeX Info: Redefining \big on input line 722.
LaTeX Info: Redefining \Big on input line 723.
LaTeX Info: Redefining \bigg on input line 724.
LaTeX Info: Redefining \Bigg on input line 725.
\big@size=\dimen168
LaTeX Font Info:    Redeclaring font encoding OML on input line 743.
LaTeX Font Info:    Redeclaring font encoding OMS on input line 744.
\macc@depth=\count287
LaTeX Info: Redefining \bmod on input line 905.
LaTeX Info: Redefining \pmod on input line 910.
LaTeX Info: Redefining \smash on input line 940.
LaTeX Info: Redefining \relbar on input line 970.
LaTeX Info: Redefining \Relbar on input line 971.
\c@MaxMatrixCols=\count288
\dotsspace@=\muskip16
\c@parentequation=\count289
\dspbrk@lvl=\count290
\tag@help=\toks27
\row@=\count291
\column@=\count292
\maxfields@=\count293
\andhelp@=\toks28
\eqnshift@=\dimen169
\alignsep@=\dimen170
\tagshift@=\dimen171
\tagwidth@=\dimen172
\totwidth@=\dimen173
\lineht@=\dimen174
\@envbody=\toks29
\multlinegap=\skip61
\multlinetaggap=\skip62
\mathdisplay@stack=\toks30
LaTeX Info: Redefining \[ on input line 2953.
LaTeX Info: Redefining \] on input line 2954.
) (C:\Users\cidmo\AppData\Local\Programs\MiKTeX\tex/latex/amsfonts\amssymb.sty
Package: amssymb 2013/01/14 v3.01 AMS font symbols
 (C:\Users\cidmo\AppData\Local\Programs\MiKTeX\tex/latex/amsfonts\amsfonts.sty
Package: amsfonts 2013/01/14 v3.01 Basic AMSFonts support
\symAMSa=\mathgroup4
\symAMSb=\mathgroup5
LaTeX Font Info:    Redeclaring math symbol \hbar on input line 98.
LaTeX Font Info:    Overwriting math alphabet `\mathfrak' in version `bold'
(Font)                  U/euf/m/n --> U/euf/b/n on input line 106.
)) (C:\Users\cidmo\AppData\Local\Programs\MiKTeX\tex/latex/cancel\cancel.sty
Package: cancel 2013/04/12 v2.2 Cancel math terms
) (C:\Users\cidmo\AppData\Local\Programs\MiKTeX\tex/latex/subfig\subfig.sty
Package: subfig 2005/06/28 ver: 1.3 subfig package
 (C:\Users\cidmo\AppData\Local\Programs\MiKTeX\tex/latex/caption\caption.sty
Package: caption 2023/08/05 v3.6o Customizing captions (AR)
 (C:\Users\cidmo\AppData\Local\Programs\MiKTeX\tex/latex/caption\caption3.sty
Package: caption3 2023/07/31 v2.4d caption3 kernel (AR)
\caption@tempdima=\dimen175
\captionmargin=\dimen176
\caption@leftmargin=\dimen177
\caption@rightmargin=\dimen178
\caption@width=\dimen179
\caption@indent=\dimen180
\caption@parindent=\dimen181
\caption@hangindent=\dimen182
Package caption Info: Standard document class detected.
Package caption Info: french babel package is loaded.
)
\c@caption@flags=\count294
\c@continuedfloat=\count295
Package caption Info: float package is loaded.
Package caption Info: listings package is loaded.
)
\c@KVtest=\count296
\sf@farskip=\skip63
\sf@captopadj=\dimen183
\sf@capskip=\skip64
\sf@nearskip=\skip65
\c@subfigure=\count297
\c@subfigure@save=\count298
\c@lofdepth=\count299
\c@subtable=\count300
\c@subtable@save=\count301
\c@lotdepth=\count302
\sf@top=\skip66
\sf@bottom=\skip67
) (C:\Users\cidmo\AppData\Local\Programs\MiKTeX\tex/latex/schemabloc\schemabloc.sty
Package: schemabloc version 1.9
 (C:\Users\cidmo\AppData\Local\Programs\MiKTeX\tex/latex/base\ifthen.sty
Package: ifthen 2022/04/13 v1.1d Standard LaTeX ifthen package (DPC)
) (C:\Users\cidmo\AppData\Local\Programs\MiKTeX\tex/latex/pgf/frontendlayer\tikz.sty (C:\Users\cidmo\AppData\Local\Programs\MiKTeX\tex/latex/pgf/basiclayer\pgf.sty (C:\Users\cidmo\AppData\Local\Programs\MiKTeX\tex/latex/pgf/utilities\pgfrcs.sty (C:\Users\cidmo\AppData\Local\Programs\MiKTeX\tex/generic/pgf/utilities\pgfutil-common.tex
\pgfutil@everybye=\toks31
\pgfutil@tempdima=\dimen184
\pgfutil@tempdimb=\dimen185
) (C:\Users\cidmo\AppData\Local\Programs\MiKTeX\tex/generic/pgf/utilities\pgfutil-latex.def
\pgfutil@abb=\box58
) (C:\Users\cidmo\AppData\Local\Programs\MiKTeX\tex/generic/pgf/utilities\pgfrcs.code.tex (C:\Users\cidmo\AppData\Local\Programs\MiKTeX\tex/generic/pgf\pgf.revision.tex)
Package: pgfrcs 2023-01-15 v3.1.10 (3.1.10)
))
Package: pgf 2023-01-15 v3.1.10 (3.1.10)
 (C:\Users\cidmo\AppData\Local\Programs\MiKTeX\tex/latex/pgf/basiclayer\pgfcore.sty (C:\Users\cidmo\AppData\Local\Programs\MiKTeX\tex/latex/pgf/systemlayer\pgfsys.sty (C:\Users\cidmo\AppData\Local\Programs\MiKTeX\tex/generic/pgf/systemlayer\pgfsys.code.tex
Package: pgfsys 2023-01-15 v3.1.10 (3.1.10)
 (C:\Users\cidmo\AppData\Local\Programs\MiKTeX\tex/generic/pgf/utilities\pgfkeys.code.tex
\pgfkeys@pathtoks=\toks32
\pgfkeys@temptoks=\toks33
 (C:\Users\cidmo\AppData\Local\Programs\MiKTeX\tex/generic/pgf/utilities\pgfkeyslibraryfiltered.code.tex
\pgfkeys@tmptoks=\toks34
))
\pgf@x=\dimen186
\pgf@y=\dimen187
\pgf@xa=\dimen188
\pgf@ya=\dimen189
\pgf@xb=\dimen190
\pgf@yb=\dimen191
\pgf@xc=\dimen192
\pgf@yc=\dimen193
\pgf@xd=\dimen194
\pgf@yd=\dimen195
\w@pgf@writea=\write3
\r@pgf@reada=\read3
\c@pgf@counta=\count303
\c@pgf@countb=\count304
\c@pgf@countc=\count305
\c@pgf@countd=\count306
\t@pgf@toka=\toks35
\t@pgf@tokb=\toks36
\t@pgf@tokc=\toks37
\pgf@sys@id@count=\count307
 (C:\Users\cidmo\AppData\Local\Programs\MiKTeX\tex/generic/pgf/systemlayer\pgf.cfg
File: pgf.cfg 2023-01-15 v3.1.10 (3.1.10)
)
Driver file for pgf: pgfsys-pdftex.def
 (C:\Users\cidmo\AppData\Local\Programs\MiKTeX\tex/generic/pgf/systemlayer\pgfsys-pdftex.def
File: pgfsys-pdftex.def 2023-01-15 v3.1.10 (3.1.10)
 (C:\Users\cidmo\AppData\Local\Programs\MiKTeX\tex/generic/pgf/systemlayer\pgfsys-common-pdf.def
File: pgfsys-common-pdf.def 2023-01-15 v3.1.10 (3.1.10)
))) (C:\Users\cidmo\AppData\Local\Programs\MiKTeX\tex/generic/pgf/systemlayer\pgfsyssoftpath.code.tex
File: pgfsyssoftpath.code.tex 2023-01-15 v3.1.10 (3.1.10)
\pgfsyssoftpath@smallbuffer@items=\count308
\pgfsyssoftpath@bigbuffer@items=\count309
) (C:\Users\cidmo\AppData\Local\Programs\MiKTeX\tex/generic/pgf/systemlayer\pgfsysprotocol.code.tex
File: pgfsysprotocol.code.tex 2023-01-15 v3.1.10 (3.1.10)
)) (C:\Users\cidmo\AppData\Local\Programs\MiKTeX\tex/latex/xcolor\xcolor.sty
Package: xcolor 2022/06/12 v2.14 LaTeX color extensions (UK)
 (C:\Users\cidmo\AppData\Local\Programs\MiKTeX\tex/latex/graphics-cfg\color.cfg
File: color.cfg 2016/01/02 v1.6 sample color configuration
)
Package xcolor Info: Driver file: pdftex.def on input line 227.
 (C:\Users\cidmo\AppData\Local\Programs\MiKTeX\tex/latex/graphics\mathcolor.ltx)
Package xcolor Info: Model `cmy' substituted by `cmy0' on input line 1353.
Package xcolor Info: Model `hsb' substituted by `rgb' on input line 1357.
Package xcolor Info: Model `RGB' extended on input line 1369.
Package xcolor Info: Model `HTML' substituted by `rgb' on input line 1371.
Package xcolor Info: Model `Hsb' substituted by `hsb' on input line 1372.
Package xcolor Info: Model `tHsb' substituted by `hsb' on input line 1373.
Package xcolor Info: Model `HSB' substituted by `hsb' on input line 1374.
Package xcolor Info: Model `Gray' substituted by `gray' on input line 1375.
Package xcolor Info: Model `wave' substituted by `hsb' on input line 1376.
) (C:\Users\cidmo\AppData\Local\Programs\MiKTeX\tex/generic/pgf/basiclayer\pgfcore.code.tex
Package: pgfcore 2023-01-15 v3.1.10 (3.1.10)
 (C:\Users\cidmo\AppData\Local\Programs\MiKTeX\tex/generic/pgf/math\pgfmath.code.tex (C:\Users\cidmo\AppData\Local\Programs\MiKTeX\tex/generic/pgf/math\pgfmathutil.code.tex) (C:\Users\cidmo\AppData\Local\Programs\MiKTeX\tex/generic/pgf/math\pgfmathparser.code.tex
\pgfmath@dimen=\dimen196
\pgfmath@count=\count310
\pgfmath@box=\box59
\pgfmath@toks=\toks38
\pgfmath@stack@operand=\toks39
\pgfmath@stack@operation=\toks40
) (C:\Users\cidmo\AppData\Local\Programs\MiKTeX\tex/generic/pgf/math\pgfmathfunctions.code.tex) (C:\Users\cidmo\AppData\Local\Programs\MiKTeX\tex/generic/pgf/math\pgfmathfunctions.basic.code.tex) (C:\Users\cidmo\AppData\Local\Programs\MiKTeX\tex/generic/pgf/math\pgfmathfunctions.trigonometric.code.tex) (C:\Users\cidmo\AppData\Local\Programs\MiKTeX\tex/generic/pgf/math\pgfmathfunctions.random.code.tex) (C:\Users\cidmo\AppData\Local\Programs\MiKTeX\tex/generic/pgf/math\pgfmathfunctions.comparison.code.tex) (C:\Users\cidmo\AppData\Local\Programs\MiKTeX\tex/generic/pgf/math\pgfmathfunctions.base.code.tex) (C:\Users\cidmo\AppData\Local\Programs\MiKTeX\tex/generic/pgf/math\pgfmathfunctions.round.code.tex) (C:\Users\cidmo\AppData\Local\Programs\MiKTeX\tex/generic/pgf/math\pgfmathfunctions.misc.code.tex) (C:\Users\cidmo\AppData\Local\Programs\MiKTeX\tex/generic/pgf/math\pgfmathfunctions.integerarithmetics.code.tex) (C:\Users\cidmo\AppData\Local\Programs\MiKTeX\tex/generic/pgf/math\pgfmathcalc.code.tex) (C:\Users\cidmo\AppData\Local\Programs\MiKTeX\tex/generic/pgf/math\pgfmathfloat.code.tex
\c@pgfmathroundto@lastzeros=\count311
)) (C:\Users\cidmo\AppData\Local\Programs\MiKTeX\tex/generic/pgf/math\pgfint.code.tex) (C:\Users\cidmo\AppData\Local\Programs\MiKTeX\tex/generic/pgf/basiclayer\pgfcorepoints.code.tex
File: pgfcorepoints.code.tex 2023-01-15 v3.1.10 (3.1.10)
\pgf@picminx=\dimen197
\pgf@picmaxx=\dimen198
\pgf@picminy=\dimen199
\pgf@picmaxy=\dimen256
\pgf@pathminx=\dimen257
\pgf@pathmaxx=\dimen258
\pgf@pathminy=\dimen259
\pgf@pathmaxy=\dimen260
\pgf@xx=\dimen261
\pgf@xy=\dimen262
\pgf@yx=\dimen263
\pgf@yy=\dimen264
\pgf@zx=\dimen265
\pgf@zy=\dimen266
) (C:\Users\cidmo\AppData\Local\Programs\MiKTeX\tex/generic/pgf/basiclayer\pgfcorepathconstruct.code.tex
File: pgfcorepathconstruct.code.tex 2023-01-15 v3.1.10 (3.1.10)
\pgf@path@lastx=\dimen267
\pgf@path@lasty=\dimen268
) (C:\Users\cidmo\AppData\Local\Programs\MiKTeX\tex/generic/pgf/basiclayer\pgfcorepathusage.code.tex
File: pgfcorepathusage.code.tex 2023-01-15 v3.1.10 (3.1.10)
\pgf@shorten@end@additional=\dimen269
\pgf@shorten@start@additional=\dimen270
) (C:\Users\cidmo\AppData\Local\Programs\MiKTeX\tex/generic/pgf/basiclayer\pgfcorescopes.code.tex
File: pgfcorescopes.code.tex 2023-01-15 v3.1.10 (3.1.10)
\pgfpic=\box60
\pgf@hbox=\box61
\pgf@layerbox@main=\box62
\pgf@picture@serial@count=\count312
) (C:\Users\cidmo\AppData\Local\Programs\MiKTeX\tex/generic/pgf/basiclayer\pgfcoregraphicstate.code.tex
File: pgfcoregraphicstate.code.tex 2023-01-15 v3.1.10 (3.1.10)
\pgflinewidth=\dimen271
) (C:\Users\cidmo\AppData\Local\Programs\MiKTeX\tex/generic/pgf/basiclayer\pgfcoretransformations.code.tex
File: pgfcoretransformations.code.tex 2023-01-15 v3.1.10 (3.1.10)
\pgf@pt@x=\dimen272
\pgf@pt@y=\dimen273
\pgf@pt@temp=\dimen274
) (C:\Users\cidmo\AppData\Local\Programs\MiKTeX\tex/generic/pgf/basiclayer\pgfcorequick.code.tex
File: pgfcorequick.code.tex 2023-01-15 v3.1.10 (3.1.10)
) (C:\Users\cidmo\AppData\Local\Programs\MiKTeX\tex/generic/pgf/basiclayer\pgfcoreobjects.code.tex
File: pgfcoreobjects.code.tex 2023-01-15 v3.1.10 (3.1.10)
) (C:\Users\cidmo\AppData\Local\Programs\MiKTeX\tex/generic/pgf/basiclayer\pgfcorepathprocessing.code.tex
File: pgfcorepathprocessing.code.tex 2023-01-15 v3.1.10 (3.1.10)
) (C:\Users\cidmo\AppData\Local\Programs\MiKTeX\tex/generic/pgf/basiclayer\pgfcorearrows.code.tex
File: pgfcorearrows.code.tex 2023-01-15 v3.1.10 (3.1.10)
\pgfarrowsep=\dimen275
) (C:\Users\cidmo\AppData\Local\Programs\MiKTeX\tex/generic/pgf/basiclayer\pgfcoreshade.code.tex
File: pgfcoreshade.code.tex 2023-01-15 v3.1.10 (3.1.10)
\pgf@max=\dimen276
\pgf@sys@shading@range@num=\count313
\pgf@shadingcount=\count314
) (C:\Users\cidmo\AppData\Local\Programs\MiKTeX\tex/generic/pgf/basiclayer\pgfcoreimage.code.tex
File: pgfcoreimage.code.tex 2023-01-15 v3.1.10 (3.1.10)
) (C:\Users\cidmo\AppData\Local\Programs\MiKTeX\tex/generic/pgf/basiclayer\pgfcoreexternal.code.tex
File: pgfcoreexternal.code.tex 2023-01-15 v3.1.10 (3.1.10)
\pgfexternal@startupbox=\box63
) (C:\Users\cidmo\AppData\Local\Programs\MiKTeX\tex/generic/pgf/basiclayer\pgfcorelayers.code.tex
File: pgfcorelayers.code.tex 2023-01-15 v3.1.10 (3.1.10)
) (C:\Users\cidmo\AppData\Local\Programs\MiKTeX\tex/generic/pgf/basiclayer\pgfcoretransparency.code.tex
File: pgfcoretransparency.code.tex 2023-01-15 v3.1.10 (3.1.10)
) (C:\Users\cidmo\AppData\Local\Programs\MiKTeX\tex/generic/pgf/basiclayer\pgfcorepatterns.code.tex
File: pgfcorepatterns.code.tex 2023-01-15 v3.1.10 (3.1.10)
) (C:\Users\cidmo\AppData\Local\Programs\MiKTeX\tex/generic/pgf/basiclayer\pgfcorerdf.code.tex
File: pgfcorerdf.code.tex 2023-01-15 v3.1.10 (3.1.10)
))) (C:\Users\cidmo\AppData\Local\Programs\MiKTeX\tex/generic/pgf/modules\pgfmoduleshapes.code.tex
File: pgfmoduleshapes.code.tex 2023-01-15 v3.1.10 (3.1.10)
\pgfnodeparttextbox=\box64
) (C:\Users\cidmo\AppData\Local\Programs\MiKTeX\tex/generic/pgf/modules\pgfmoduleplot.code.tex
File: pgfmoduleplot.code.tex 2023-01-15 v3.1.10 (3.1.10)
) (C:\Users\cidmo\AppData\Local\Programs\MiKTeX\tex/latex/pgf/compatibility\pgfcomp-version-0-65.sty
Package: pgfcomp-version-0-65 2023-01-15 v3.1.10 (3.1.10)
\pgf@nodesepstart=\dimen277
\pgf@nodesepend=\dimen278
) (C:\Users\cidmo\AppData\Local\Programs\MiKTeX\tex/latex/pgf/compatibility\pgfcomp-version-1-18.sty
Package: pgfcomp-version-1-18 2023-01-15 v3.1.10 (3.1.10)
)) (C:\Users\cidmo\AppData\Local\Programs\MiKTeX\tex/latex/pgf/utilities\pgffor.sty (C:\Users\cidmo\AppData\Local\Programs\MiKTeX\tex/latex/pgf/utilities\pgfkeys.sty (C:\Users\cidmo\AppData\Local\Programs\MiKTeX\tex/generic/pgf/utilities\pgfkeys.code.tex)) (C:\Users\cidmo\AppData\Local\Programs\MiKTeX\tex/latex/pgf/math\pgfmath.sty (C:\Users\cidmo\AppData\Local\Programs\MiKTeX\tex/generic/pgf/math\pgfmath.code.tex)) (C:\Users\cidmo\AppData\Local\Programs\MiKTeX\tex/generic/pgf/utilities\pgffor.code.tex
Package: pgffor 2023-01-15 v3.1.10 (3.1.10)
\pgffor@iter=\dimen279
\pgffor@skip=\dimen280
\pgffor@stack=\toks41
\pgffor@toks=\toks42
)) (C:\Users\cidmo\AppData\Local\Programs\MiKTeX\tex/generic/pgf/frontendlayer/tikz\tikz.code.tex
Package: tikz 2023-01-15 v3.1.10 (3.1.10)
 (C:\Users\cidmo\AppData\Local\Programs\MiKTeX\tex/generic/pgf/libraries\pgflibraryplothandlers.code.tex
File: pgflibraryplothandlers.code.tex 2023-01-15 v3.1.10 (3.1.10)
\pgf@plot@mark@count=\count315
\pgfplotmarksize=\dimen281
)
\tikz@lastx=\dimen282
\tikz@lasty=\dimen283
\tikz@lastxsaved=\dimen284
\tikz@lastysaved=\dimen285
\tikz@lastmovetox=\dimen286
\tikz@lastmovetoy=\dimen287
\tikzleveldistance=\dimen288
\tikzsiblingdistance=\dimen289
\tikz@figbox=\box65
\tikz@figbox@bg=\box66
\tikz@tempbox=\box67
\tikz@tempbox@bg=\box68
\tikztreelevel=\count316
\tikznumberofchildren=\count317
\tikznumberofcurrentchild=\count318
\tikz@fig@count=\count319
 (C:\Users\cidmo\AppData\Local\Programs\MiKTeX\tex/generic/pgf/modules\pgfmodulematrix.code.tex
File: pgfmodulematrix.code.tex 2023-01-15 v3.1.10 (3.1.10)
\pgfmatrixcurrentrow=\count320
\pgfmatrixcurrentcolumn=\count321
\pgf@matrix@numberofcolumns=\count322
)
\tikz@expandcount=\count323
 (C:\Users\cidmo\AppData\Local\Programs\MiKTeX\tex/generic/pgf/frontendlayer/tikz/libraries\tikzlibrarytopaths.code.tex
File: tikzlibrarytopaths.code.tex 2023-01-15 v3.1.10 (3.1.10)
))) (C:\Users\cidmo\AppData\Local\Programs\MiKTeX\tex/generic/pgf/frontendlayer/tikz/libraries\tikzlibraryshapes.code.tex
File: tikzlibraryshapes.code.tex 2023-01-15 v3.1.10 (3.1.10)
 (C:\Users\cidmo\AppData\Local\Programs\MiKTeX\tex/generic/pgf/frontendlayer/tikz/libraries\tikzlibraryshapes.geometric.code.tex
File: tikzlibraryshapes.geometric.code.tex 2023-01-15 v3.1.10 (3.1.10)
 (C:\Users\cidmo\AppData\Local\Programs\MiKTeX\tex/generic/pgf/libraries/shapes\pgflibraryshapes.geometric.code.tex
File: pgflibraryshapes.geometric.code.tex 2023-01-15 v3.1.10 (3.1.10)
)) (C:\Users\cidmo\AppData\Local\Programs\MiKTeX\tex/generic/pgf/frontendlayer/tikz/libraries\tikzlibraryshapes.misc.code.tex
File: tikzlibraryshapes.misc.code.tex 2023-01-15 v3.1.10 (3.1.10)
 (C:\Users\cidmo\AppData\Local\Programs\MiKTeX\tex/generic/pgf/libraries/shapes\pgflibraryshapes.misc.code.tex
File: pgflibraryshapes.misc.code.tex 2023-01-15 v3.1.10 (3.1.10)
)) (C:\Users\cidmo\AppData\Local\Programs\MiKTeX\tex/generic/pgf/frontendlayer/tikz/libraries\tikzlibraryshapes.symbols.code.tex
File: tikzlibraryshapes.symbols.code.tex 2023-01-15 v3.1.10 (3.1.10)
 (C:\Users\cidmo\AppData\Local\Programs\MiKTeX\tex/generic/pgf/libraries/shapes\pgflibraryshapes.symbols.code.tex
File: pgflibraryshapes.symbols.code.tex 2023-01-15 v3.1.10 (3.1.10)
)) (C:\Users\cidmo\AppData\Local\Programs\MiKTeX\tex/generic/pgf/frontendlayer/tikz/libraries\tikzlibraryshapes.arrows.code.tex
File: tikzlibraryshapes.arrows.code.tex 2023-01-15 v3.1.10 (3.1.10)
 (C:\Users\cidmo\AppData\Local\Programs\MiKTeX\tex/generic/pgf/libraries/shapes\pgflibraryshapes.arrows.code.tex
File: pgflibraryshapes.arrows.code.tex 2023-01-15 v3.1.10 (3.1.10)
)) (C:\Users\cidmo\AppData\Local\Programs\MiKTeX\tex/generic/pgf/frontendlayer/tikz/libraries\tikzlibraryshapes.callouts.code.tex (C:\Users\cidmo\AppData\Local\Programs\MiKTeX\tex/generic/pgf/libraries/shapes\pgflibraryshapes.callouts.code.tex)) (C:\Users\cidmo\AppData\Local\Programs\MiKTeX\tex/generic/pgf/frontendlayer/tikz/libraries\tikzlibraryshapes.multipart.code.tex
File: tikzlibraryshapes.multipart.code.tex 2023-01-15 v3.1.10 (3.1.10)
 (C:\Users\cidmo\AppData\Local\Programs\MiKTeX\tex/generic/pgf/libraries/shapes\pgflibraryshapes.multipart.code.tex
File: pgflibraryshapes.multipart.code.tex 2023-01-15 v3.1.10 (3.1.10)
\pgfnodepartlowerbox=\box69
\pgfnodeparttwobox=\box70
\pgfnodepartthreebox=\box71
\pgfnodepartfourbox=\box72
\pgfnodeparttwentybox=\box73
\pgfnodepartnineteenbox=\box74
\pgfnodeparteighteenbox=\box75
\pgfnodepartseventeenbox=\box76
\pgfnodepartsixteenbox=\box77
\pgfnodepartfifteenbox=\box78
\pgfnodepartfourteenbox=\box79
\pgfnodepartthirteenbox=\box80
\pgfnodeparttwelvebox=\box81
\pgfnodepartelevenbox=\box82
\pgfnodeparttenbox=\box83
\pgfnodepartninebox=\box84
\pgfnodeparteightbox=\box85
\pgfnodepartsevenbox=\box86
\pgfnodepartsixbox=\box87
\pgfnodepartfivebox=\box88
))) (C:\Users\cidmo\AppData\Local\Programs\MiKTeX\tex/generic/pgf/frontendlayer/tikz/libraries\tikzlibraryarrows.code.tex
File: tikzlibraryarrows.code.tex 2023-01-15 v3.1.10 (3.1.10)
 (C:\Users\cidmo\AppData\Local\Programs\MiKTeX\tex/generic/pgf/libraries\pgflibraryarrows.code.tex
File: pgflibraryarrows.code.tex 2023-01-15 v3.1.10 (3.1.10)
\arrowsize=\dimen290
)) (C:\Users\cidmo\AppData\Local\Programs\MiKTeX\tex/generic/pgf/frontendlayer/tikz/libraries\tikzlibrarypositioning.code.tex
File: tikzlibrarypositioning.code.tex 2023-01-15 v3.1.10 (3.1.10)
) (C:\Users\cidmo\AppData\Local\Programs\MiKTeX\tex/generic/pgf/frontendlayer/tikz/libraries\tikzlibraryfit.code.tex
File: tikzlibraryfit.code.tex 2023-01-15 v3.1.10 (3.1.10)
)) (C:\Users\cidmo\AppData\Local\Programs\MiKTeX\tex/latex/circuitikz\circuitikz.sty
Package: circuitikz 2025/07/08{} The CircuiTikz circuit drawing package version 1.8.2
 (C:\Users\cidmo\AppData\Local\Programs\MiKTeX\tex/generic/pgf/frontendlayer/tikz/libraries\tikzlibrarycalc.code.tex
File: tikzlibrarycalc.code.tex 2023-01-15 v3.1.10 (3.1.10)
) (C:\Users\cidmo\AppData\Local\Programs\MiKTeX\tex/generic/pgf/libraries\pgflibraryarrows.meta.code.tex
File: pgflibraryarrows.meta.code.tex 2023-01-15 v3.1.10 (3.1.10)
\pgfarrowinset=\dimen291
\pgfarrowlength=\dimen292
\pgfarrowwidth=\dimen293
\pgfarrowlinewidth=\dimen294
) (C:\Users\cidmo\AppData\Local\Programs\MiKTeX\tex/generic/pgf/frontendlayer/tikz/libraries\tikzlibrarybending.code.tex
File: tikzlibrarybending.code.tex 2023-01-15 v3.1.10 (3.1.10)
 (C:\Users\cidmo\AppData\Local\Programs\MiKTeX\tex/generic/pgf/modules\pgfmodulebending.code.tex
File: pgfmodulebending.code.tex 2023-01-15 v3.1.10 (3.1.10)
 (C:\Users\cidmo\AppData\Local\Programs\MiKTeX\tex/generic/pgf/modules\pgfmodulenonlineartransformations.code.tex
File: pgfmodulenonlineartransformations.code.tex 2023-01-15 v3.1.10 (3.1.10)
\pgftransformnonlinearflatness=\dimen295
) (C:\Users\cidmo\AppData\Local\Programs\MiKTeX\tex/generic/pgf/libraries\pgflibrarycurvilinear.code.tex
File: pgflibrarycurvilinear.code.tex 2023-01-15 v3.1.10 (3.1.10)
\pgf@curvilinear@time@a=\dimen296
\pgf@curvilinear@length@a=\dimen297
\pgf@curvilinear@length@b=\dimen298
\pgf@curvilinear@length@c=\dimen299
\pgf@curvilinear@length@d=\dimen300
)
\pgf@arrows@the@rigidity=\dimen301
))
(C:\Users\cidmo\AppData\Local\Programs\MiKTeX\tex/generic/pgf/frontendlayer/tikz/libraries\tikzlibraryfpu.code.tex (C:\Users\cidmo\AppData\Local\Programs\MiKTeX\tex/generic/pgf/libraries\pgflibraryfpu.code.tex)) (C:\Users\cidmo\AppData\Local\Programs\MiKTeX\tex/generic/circuitikz\pgfcirc.defines.tex
\pgf@circ@count@a=\count324
\pgf@circ@count@b=\count325
\pgf@circ@count@c=\count326
\pgf@circ@res@up=\dimen302
\pgf@circ@res@down=\dimen303
\pgf@circ@res@zero=\dimen304
\pgf@circ@res@left=\dimen305
\pgf@circ@res@right=\dimen306
\pgf@circ@res@other=\dimen307
\pgf@circ@res@step=\dimen308
\pgf@circ@res@temp=\dimen309
\pgf@circ@Rlen=\dimen310
\pgf@circ@scaled@Rlen=\dimen311
\pgfstartlinewidth=\dimen312
) (C:\Users\cidmo\AppData\Local\Programs\MiKTeX\tex/generic/circuitikz\pgfcircutils.tex
\ctikz@scratchbox=\box89
) (C:\Users\cidmo\AppData\Local\Programs\MiKTeX\tex/generic/circuitikz\pgfcircpath.tex) (C:\Users\cidmo\AppData\Local\Programs\MiKTeX\tex/generic/circuitikz\pgfcircshapes.tex) (C:\Users\cidmo\AppData\Local\Programs\MiKTeX\tex/generic/circuitikz\pgfcircmonopoles.tex) (C:\Users\cidmo\AppData\Local\Programs\MiKTeX\tex/generic/circuitikz\pgfcircbipoles.tex) (C:\Users\cidmo\AppData\Local\Programs\MiKTeX\tex/generic/circuitikz\pgfcirctripoles.tex
\pgf@circ@res@count=\count327
) (C:\Users\cidmo\AppData\Local\Programs\MiKTeX\tex/generic/circuitikz\pgfcircquadpoles.tex) (C:\Users\cidmo\AppData\Local\Programs\MiKTeX\tex/generic/circuitikz\pgfcircmultipoles.tex) (C:\Users\cidmo\AppData\Local\Programs\MiKTeX\tex/generic/circuitikz\pgfcirclabel.tex) (C:\Users\cidmo\AppData\Local\Programs\MiKTeX\tex/generic/circuitikz\pgfcircvoltage.tex
\pgfcirc@labelshift=\dimen313
) (C:\Users\cidmo\AppData\Local\Programs\MiKTeX\tex/generic/circuitikz\pgfcirccurrent.tex) (C:\Users\cidmo\AppData\Local\Programs\MiKTeX\tex/generic/circuitikz\pgfcircflow.tex) (C:\Users\cidmo\AppData\Local\Programs\MiKTeX\tex/latex/xstring\xstring.sty (C:\Users\cidmo\AppData\Local\Programs\MiKTeX\tex/generic/xstring\xstring.tex
\xs_counta=\count328
\xs_countb=\count329
)
Package: xstring 2023/08/22 v1.86 String manipulations (CT)
) (C:\Users\cidmo\AppData\Local\Programs\MiKTeX\tex/latex/siunitx\siunitx.sty
Package: siunitx 2025-07-09 v3.4.14 A comprehensive (SI) units package
\l__siunitx_number_uncert_offset_int=\count330
\l__siunitx_number_exponent_fixed_int=\count331
\l__siunitx_number_min_decimal_int=\count332
\l__siunitx_number_min_integer_int=\count333
\l__siunitx_number_round_precision_int=\count334
\l__siunitx_number_lower_threshold_int=\count335
\l__siunitx_number_upper_threshold_int=\count336
\l__siunitx_number_group_first_int=\count337
\l__siunitx_number_group_size_int=\count338
\l__siunitx_number_group_minimum_int=\count339
\l__siunitx_angle_tmp_dim=\dimen314
\l__siunitx_angle_marker_box=\box90
\l__siunitx_angle_unit_box=\box91
\l__siunitx_compound_count_int=\count340
 (C:\Users\cidmo\AppData\Local\Programs\MiKTeX\tex/latex/translations\translations.sty
Package: translations 2022/02/05 v1.12 internationalization of LaTeX2e packages (CN)
 (C:\Users\cidmo\AppData\Local\Programs\MiKTeX\tex/latex/etoolbox\etoolbox.sty
Package: etoolbox 2020/10/05 v2.5k e-TeX tools for LaTeX (JAW)
\etb@tempcnta=\count341
) (C:\Users\cidmo\AppData\Local\Programs\MiKTeX\tex/generic/pdftexcmds\pdftexcmds.sty
Package: pdftexcmds 2020-06-27 v0.33 Utility functions of pdfTeX for LuaTeX (HO)
 (C:\Users\cidmo\AppData\Local\Programs\MiKTeX\tex/generic/infwarerr\infwarerr.sty
Package: infwarerr 2019/12/03 v1.5 Providing info/warning/error messages (HO)
) (C:\Users\cidmo\AppData\Local\Programs\MiKTeX\tex/generic/ltxcmds\ltxcmds.sty
Package: ltxcmds 2020-05-10 v1.25 LaTeX kernel commands for general use (HO)
)
Package pdftexcmds Info: \pdf@primitive is available.
Package pdftexcmds Info: \pdf@ifprimitive is available.
Package pdftexcmds Info: \pdfdraftmode found.
))
\l__siunitx_table_tmp_box=\box92
\l__siunitx_table_tmp_dim=\dimen315
\l__siunitx_table_column_width_dim=\dimen316
\l__siunitx_table_integer_box=\box93
\l__siunitx_table_decimal_box=\box94
\l__siunitx_table_uncert_box=\box95
\l__siunitx_table_before_box=\box96
\l__siunitx_table_after_box=\box97
\l__siunitx_table_before_dim=\dimen317
\l__siunitx_table_carry_dim=\dimen318
\l__siunitx_unit_tmp_int=\count342
\l__siunitx_unit_position_int=\count343
\l__siunitx_unit_total_int=\count344
 (C:\Users\cidmo\AppData\Local\Programs\MiKTeX\tex/latex/tools\array.sty
Package: array 2022/09/04 v2.5g Tabular extension package (FMi)
\col@sep=\dimen319
\ar@mcellbox=\box98
\extrarowheight=\dimen320
\NC@list=\toks43
\extratabsurround=\skip68
\backup@length=\skip69
\ar@cellbox=\box99
))) (C:\Users\cidmo\AppData\Local\Programs\MiKTeX\tex/generic/pgf/frontendlayer/tikz/libraries\tikzlibrarybabel.code.tex
File: tikzlibrarybabel.code.tex 2023-01-15 v3.1.10 (3.1.10)
) (C:\Users\cidmo\AppData\Local\Programs\MiKTeX\tex/latex/tcolorbox\tcolorbox.sty
Package: tcolorbox 2023/06/19 version 6.0.4 text color boxes
 (C:\Users\cidmo\AppData\Local\Programs\MiKTeX\tex/latex/tools\verbatim.sty
Package: verbatim 2022-07-02 v1.5u LaTeX2e package for verbatim enhancements
\every@verbatim=\toks44
\verbatim@line=\toks45
\verbatim@in@stream=\read4
) (C:\Users\cidmo\AppData\Local\Programs\MiKTeX\tex/latex/environ\environ.sty
Package: environ 2014/05/04 v0.3 A new way to define environments
 (C:\Users\cidmo\AppData\Local\Programs\MiKTeX\tex/latex/trimspaces\trimspaces.sty
Package: trimspaces 2009/09/17 v1.1 Trim spaces around a token list
))
\tcb@titlebox=\box100
\tcb@upperbox=\box101
\tcb@lowerbox=\box102
\tcb@phantombox=\box103
\c@tcbbreakpart=\count345
\c@tcblayer=\count346
\c@tcolorbox@number=\count347
\tcb@temp=\box104
\tcb@temp=\box105
\tcb@temp=\box106
\tcb@temp=\box107
) (C:\Users\cidmo\AppData\Local\Programs\MiKTeX\tex/latex/tocloft\tocloft.sty
Package: tocloft 2017/08/31 v2.3i parameterised ToC, etc., typesetting
Package tocloft Info: The document has section divisions on input line 51.
\cftparskip=\skip70
\cftbeforetoctitleskip=\skip71
\cftaftertoctitleskip=\skip72
\cftbeforepartskip=\skip73
\cftpartnumwidth=\skip74
\cftpartindent=\skip75
\cftbeforesecskip=\skip76
\cftsecindent=\skip77
\cftsecnumwidth=\skip78
\cftbeforesubsecskip=\skip79
\cftsubsecindent=\skip80
\cftsubsecnumwidth=\skip81
\cftbeforesubsubsecskip=\skip82
\cftsubsubsecindent=\skip83
\cftsubsubsecnumwidth=\skip84
\cftbeforeparaskip=\skip85
\cftparaindent=\skip86
\cftparanumwidth=\skip87
\cftbeforesubparaskip=\skip88
\cftsubparaindent=\skip89
\cftsubparanumwidth=\skip90
\cftbeforeloftitleskip=\skip91
\cftafterloftitleskip=\skip92
\cftbeforefigskip=\skip93
\cftfigindent=\skip94
\cftfignumwidth=\skip95
\cftbeforelottitleskip=\skip96
\cftafterlottitleskip=\skip97
\cftbeforetabskip=\skip98
\cfttabindent=\skip99
\cfttabnumwidth=\skip100
\cftbeforesubfigskip=\skip101
\cftsubfigindent=\skip102
\cftsubfignumwidth=\skip103
\cftbeforesubtabskip=\skip104
\cftsubtabindent=\skip105
\cftsubtabnumwidth=\skip106
) (C:\Users\cidmo\AppData\Local\Programs\MiKTeX\tex/latex/pgfplots\pgfplots.sty (C:\Users\cidmo\AppData\Local\Programs\MiKTeX\tex/generic/pgfplots\pgfplots.revision.tex)
Package: pgfplots 2021/05/15 v1.18.1 Data Visualization (1.18.1)
 (C:\Users\cidmo\AppData\Local\Programs\MiKTeX\tex/generic/pgfplots\pgfplots.code.tex (C:\Users\cidmo\AppData\Local\Programs\MiKTeX\tex/generic/pgfplots\pgfplotscore.code.tex
\t@pgfplots@toka=\toks46
\t@pgfplots@tokb=\toks47
\t@pgfplots@tokc=\toks48
\pgfplots@tmpa=\dimen321
\c@pgfplots@coordindex=\count348
\c@pgfplots@scanlineindex=\count349
 (C:\Users\cidmo\AppData\Local\Programs\MiKTeX\tex/generic/pgfplots/sys\pgfplotssysgeneric.code.tex)) (C:\Users\cidmo\AppData\Local\Programs\MiKTeX\tex/generic/pgfplots/libs\pgfplotslibrary.code.tex) (C:\Users\cidmo\AppData\Local\Programs\MiKTeX\tex/generic/pgfplots/oldpgfcompatib\pgfplotsoldpgfsupp_loader.code.tex
Package pgfplots: loading complementary utilities for your pgf version...
\t@pgf@toka=\toks49
\t@pgf@tokb=\toks50
\t@pgf@tokc=\toks51
(C:\Users\cidmo\AppData\Local\Programs\MiKTeX\tex/generic/pgfplots/oldpgfcompatib\pgfplotsoldpgfsupp_pgfutil-common-lists.tex)) (C:\Users\cidmo\AppData\Local\Programs\MiKTeX\tex/generic/pgfplots/util\pgfplotsutil.code.tex (C:\Users\cidmo\AppData\Local\Programs\MiKTeX\tex/generic/pgfplots/liststructure\pgfplotsliststructure.code.tex) (C:\Users\cidmo\AppData\Local\Programs\MiKTeX\tex/generic/pgfplots/liststructure\pgfplotsliststructureext.code.tex) (C:\Users\cidmo\AppData\Local\Programs\MiKTeX\tex/generic/pgfplots/liststructure\pgfplotsarray.code.tex
\c@pgfplotsarray@tmp=\count350
) (C:\Users\cidmo\AppData\Local\Programs\MiKTeX\tex/generic/pgfplots/liststructure\pgfplotsmatrix.code.tex) (C:\Users\cidmo\AppData\Local\Programs\MiKTeX\tex/generic/pgfplots/numtable\pgfplotstableshared.code.tex
\c@pgfplotstable@counta=\count351
\t@pgfplotstable@a=\toks52
) (C:\Users\cidmo\AppData\Local\Programs\MiKTeX\tex/generic/pgfplots/liststructure\pgfplotsdeque.code.tex) (C:\Users\cidmo\AppData\Local\Programs\MiKTeX\tex/generic/pgfplots/util\pgfplotsbinary.code.tex (C:\Users\cidmo\AppData\Local\Programs\MiKTeX\tex/generic/pgfplots/util\pgfplotsbinary.data.code.tex)) (C:\Users\cidmo\AppData\Local\Programs\MiKTeX\tex/generic/pgfplots/util\pgfplotsutil.verb.code.tex) (C:\Users\cidmo\AppData\Local\Programs\MiKTeX\tex/generic/pgfplots/libs\pgflibrarypgfplots.surfshading.code.tex
\c@pgfplotslibrarysurf@no=\count352
 (C:\Users\cidmo\AppData\Local\Programs\MiKTeX\tex/generic/pgfplots/sys\pgflibrarypgfplots.surfshading.pgfsys-pdftex.def))) (C:\Users\cidmo\AppData\Local\Programs\MiKTeX\tex/generic/pgfplots/util\pgfplotscolormap.code.tex (C:\Users\cidmo\AppData\Local\Programs\MiKTeX\tex/generic/pgfplots/util\pgfplotscolor.code.tex)) (C:\Users\cidmo\AppData\Local\Programs\MiKTeX\tex/generic/pgfplots\pgfplotsstackedplots.code.tex) (C:\Users\cidmo\AppData\Local\Programs\MiKTeX\tex/generic/pgfplots\pgfplotsplothandlers.code.tex (C:\Users\cidmo\AppData\Local\Programs\MiKTeX\tex/generic/pgfplots\pgfplotsmeshplothandler.code.tex (C:\Users\cidmo\AppData\Local\Programs\MiKTeX\tex/generic/pgfplots\pgfplotsmeshplotimage.code.tex))) (C:\Users\cidmo\AppData\Local\Programs\MiKTeX\tex/generic/pgfplots\pgfplots.scaling.code.tex) (C:\Users\cidmo\AppData\Local\Programs\MiKTeX\tex/generic/pgfplots\pgfplotscoordprocessing.code.tex) (C:\Users\cidmo\AppData\Local\Programs\MiKTeX\tex/generic/pgfplots\pgfplots.errorbars.code.tex) (C:\Users\cidmo\AppData\Local\Programs\MiKTeX\tex/generic/pgfplots\pgfplots.markers.code.tex) (C:\Users\cidmo\AppData\Local\Programs\MiKTeX\tex/generic/pgfplots\pgfplotsticks.code.tex) (C:\Users\cidmo\AppData\Local\Programs\MiKTeX\tex/generic/pgfplots\pgfplots.paths.code.tex) (C:\Users\cidmo\AppData\Local\Programs\MiKTeX\tex/generic/pgf/frontendlayer/tikz/libraries\tikzlibrarydecorations.code.tex (C:\Users\cidmo\AppData\Local\Programs\MiKTeX\tex/generic/pgf/modules\pgfmoduledecorations.code.tex
\pgfdecoratedcompleteddistance=\dimen322
\pgfdecoratedremainingdistance=\dimen323
\pgfdecoratedinputsegmentcompleteddistance=\dimen324
\pgfdecoratedinputsegmentremainingdistance=\dimen325
\pgf@decorate@distancetomove=\dimen326
\pgf@decorate@repeatstate=\count353
\pgfdecorationsegmentamplitude=\dimen327
\pgfdecorationsegmentlength=\dimen328
)
\tikz@lib@dec@box=\box108
) (C:\Users\cidmo\AppData\Local\Programs\MiKTeX\tex/generic/pgf/frontendlayer/tikz/libraries\tikzlibrarydecorations.pathmorphing.code.tex (C:\Users\cidmo\AppData\Local\Programs\MiKTeX\tex/generic/pgf/libraries/decorations\pgflibrarydecorations.pathmorphing.code.tex)) (C:\Users\cidmo\AppData\Local\Programs\MiKTeX\tex/generic/pgf/frontendlayer/tikz/libraries\tikzlibrarydecorations.pathreplacing.code.tex (C:\Users\cidmo\AppData\Local\Programs\MiKTeX\tex/generic/pgf/libraries/decorations\pgflibrarydecorations.pathreplacing.code.tex)) (C:\Users\cidmo\AppData\Local\Programs\MiKTeX\tex/generic/pgfplots/libs\tikzlibrarypgfplots.contourlua.code.tex)
\pgfplots@numplots=\count354
\pgfplots@xmin@reg=\dimen329
\pgfplots@xmax@reg=\dimen330
\pgfplots@ymin@reg=\dimen331
\pgfplots@ymax@reg=\dimen332
\pgfplots@zmin@reg=\dimen333
\pgfplots@zmax@reg=\dimen334
) (C:\Users\cidmo\AppData\Local\Programs\MiKTeX\tex/generic/pgf/frontendlayer/tikz/libraries\tikzlibraryplotmarks.code.tex
File: tikzlibraryplotmarks.code.tex 2023-01-15 v3.1.10 (3.1.10)
 (C:\Users\cidmo\AppData\Local\Programs\MiKTeX\tex/generic/pgf/libraries\pgflibraryplotmarks.code.tex
File: pgflibraryplotmarks.code.tex 2023-01-15 v3.1.10 (3.1.10)
))) (C:\Users\cidmo\AppData\Local\Programs\MiKTeX\tex/latex/hyperref\hyperref.sty
Package: hyperref 2023-07-08 v7.01b Hypertext links for LaTeX
 (C:\Users\cidmo\AppData\Local\Programs\MiKTeX\tex/latex/kvsetkeys\kvsetkeys.sty
Package: kvsetkeys 2022-10-05 v1.19 Key value parser (HO)
) (C:\Users\cidmo\AppData\Local\Programs\MiKTeX\tex/generic/kvdefinekeys\kvdefinekeys.sty
Package: kvdefinekeys 2019-12-19 v1.6 Define keys (HO)
) (C:\Users\cidmo\AppData\Local\Programs\MiKTeX\tex/generic/pdfescape\pdfescape.sty
Package: pdfescape 2019/12/09 v1.15 Implements pdfTeX's escape features (HO)
) (C:\Users\cidmo\AppData\Local\Programs\MiKTeX\tex/latex/hycolor\hycolor.sty
Package: hycolor 2020-01-27 v1.10 Color options for hyperref/bookmark (HO)
) (C:\Users\cidmo\AppData\Local\Programs\MiKTeX\tex/latex/letltxmacro\letltxmacro.sty
Package: letltxmacro 2019/12/03 v1.6 Let assignment for LaTeX macros (HO)
) (C:\Users\cidmo\AppData\Local\Programs\MiKTeX\tex/latex/auxhook\auxhook.sty
Package: auxhook 2019-12-17 v1.6 Hooks for auxiliary files (HO)
) (C:\Users\cidmo\AppData\Local\Programs\MiKTeX\tex/latex/hyperref\nameref.sty
Package: nameref 2023-08-07 v2.53 Cross-referencing by name of section
 (C:\Users\cidmo\AppData\Local\Programs\MiKTeX\tex/latex/refcount\refcount.sty
Package: refcount 2019/12/15 v3.6 Data extraction from label references (HO)
) (C:\Users\cidmo\AppData\Local\Programs\MiKTeX\tex/generic/gettitlestring\gettitlestring.sty
Package: gettitlestring 2019/12/15 v1.6 Cleanup title references (HO)
 (C:\Users\cidmo\AppData\Local\Programs\MiKTeX\tex/latex/kvoptions\kvoptions.sty
Package: kvoptions 2022-06-15 v3.15 Key value format for package options (HO)
))
\c@section@level=\count355
)
\@linkdim=\dimen335
\Hy@linkcounter=\count356
\Hy@pagecounter=\count357
 (C:\Users\cidmo\AppData\Local\Programs\MiKTeX\tex/latex/hyperref\pd1enc.def
File: pd1enc.def 2023-07-08 v7.01b Hyperref: PDFDocEncoding definition (HO)
Now handling font encoding PD1 ...
... no UTF-8 mapping file for font encoding PD1
) (C:\Users\cidmo\AppData\Local\Programs\MiKTeX\tex/generic/intcalc\intcalc.sty
Package: intcalc 2019/12/15 v1.3 Expandable calculations with integers (HO)
)
\Hy@SavedSpaceFactor=\count358
 (C:\Users\cidmo\AppData\Local\Programs\MiKTeX\tex/latex/hyperref\puenc.def
File: puenc.def 2023-07-08 v7.01b Hyperref: PDF Unicode definition (HO)
Now handling font encoding PU ...
... no UTF-8 mapping file for font encoding PU
)
Package hyperref Info: Hyper figures OFF on input line 4167.
Package hyperref Info: Link nesting OFF on input line 4172.
Package hyperref Info: Hyper index ON on input line 4175.
Package hyperref Info: Plain pages OFF on input line 4182.
Package hyperref Info: Backreferencing OFF on input line 4187.
Package hyperref Info: Implicit mode ON; LaTeX internals redefined.
Package hyperref Info: Bookmarks ON on input line 4434.
\c@Hy@tempcnt=\count359
 (C:\Users\cidmo\AppData\Local\Programs\MiKTeX\tex/latex/url\url.sty
\Urlmuskip=\muskip17
Package: url 2013/09/16  ver 3.4  Verb mode for urls, etc.
)
LaTeX Info: Redefining \url on input line 4772.
\XeTeXLinkMargin=\dimen336
 (C:\Users\cidmo\AppData\Local\Programs\MiKTeX\tex/generic/bitset\bitset.sty
Package: bitset 2019/12/09 v1.3 Handle bit-vector datatype (HO)
 (C:\Users\cidmo\AppData\Local\Programs\MiKTeX\tex/generic/bigintcalc\bigintcalc.sty
Package: bigintcalc 2019/12/15 v1.5 Expandable calculations on big integers (HO)
))
\Fld@menulength=\count360
\Field@Width=\dimen337
\Fld@charsize=\dimen338
Package hyperref Info: Hyper figures OFF on input line 6051.
Package hyperref Info: Link nesting OFF on input line 6056.
Package hyperref Info: Hyper index ON on input line 6059.
Package hyperref Info: backreferencing OFF on input line 6066.
Package hyperref Info: Link coloring OFF on input line 6071.
Package hyperref Info: Link coloring with OCG OFF on input line 6076.
Package hyperref Info: PDF/A mode OFF on input line 6081.
 (C:\Users\cidmo\AppData\Local\Programs\MiKTeX\tex/latex/base\atbegshi-ltx.sty
Package: atbegshi-ltx 2021/01/10 v1.0c Emulation of the original atbegshi
package with kernel methods
)
\Hy@abspage=\count361
\c@Item=\count362
\c@Hfootnote=\count363
)
Package hyperref Info: Driver (autodetected): hpdftex.
 (C:\Users\cidmo\AppData\Local\Programs\MiKTeX\tex/latex/hyperref\hpdftex.def
File: hpdftex.def 2023-07-08 v7.01b Hyperref driver for pdfTeX
 (C:\Users\cidmo\AppData\Local\Programs\MiKTeX\tex/latex/base\atveryend-ltx.sty
Package: atveryend-ltx 2020/08/19 v1.0a Emulation of the original atveryend package
with kernel methods
)
\Fld@listcount=\count364
\c@bookmark@seq@number=\count365
 (C:\Users\cidmo\AppData\Local\Programs\MiKTeX\tex/latex/rerunfilecheck\rerunfilecheck.sty
Package: rerunfilecheck 2022-07-10 v1.10 Rerun checks for auxiliary files (HO)
 (C:\Users\cidmo\AppData\Local\Programs\MiKTeX\tex/generic/uniquecounter\uniquecounter.sty
Package: uniquecounter 2019/12/15 v1.4 Provide unlimited unique counter (HO)
)
Package uniquecounter Info: New unique counter `rerunfilecheck' on input line 285.
)
\Hy@SectionHShift=\skip107
)
Package hyperref Info: Option `colorlinks' set `true' on input line 60.
)
LaTeX Font Info:    Trying to load font information for T1+lmr on input line 5.
 (C:\Users\cidmo\AppData\Local\Programs\MiKTeX\tex/latex/lm\t1lmr.fd
File: t1lmr.fd 2015/05/01 v1.6.1 Font defs for Latin Modern
) (C:\Users\cidmo\AppData\Local\Programs\MiKTeX\tex/latex/l3backend\l3backend-pdftex.def
File: l3backend-pdftex.def 2023-04-19 L3 backend support: PDF output (pdfTeX)
\l__color_backend_stack_int=\count366
\l__pdf_internal_box=\box109
) (main.aux

LaTeX Warning: Label `' multiply defined.


LaTeX Warning: Label `' multiply defined.


LaTeX Warning: Label `' multiply defined.

)
\openout1 = `main.aux'.

LaTeX Font Info:    Checking defaults for OML/cmm/m/it on input line 5.
LaTeX Font Info:    ... okay on input line 5.
LaTeX Font Info:    Checking defaults for OMS/cmsy/m/n on input line 5.
LaTeX Font Info:    ... okay on input line 5.
LaTeX Font Info:    Checking defaults for OT1/cmr/m/n on input line 5.
LaTeX Font Info:    ... okay on input line 5.
LaTeX Font Info:    Checking defaults for T1/cmr/m/n on input line 5.
LaTeX Font Info:    ... okay on input line 5.
LaTeX Font Info:    Checking defaults for TS1/cmr/m/n on input line 5.
LaTeX Font Info:    ... okay on input line 5.
LaTeX Font Info:    Checking defaults for OMX/cmex/m/n on input line 5.
LaTeX Font Info:    ... okay on input line 5.
LaTeX Font Info:    Checking defaults for U/cmr/m/n on input line 5.
LaTeX Font Info:    ... okay on input line 5.
LaTeX Font Info:    Checking defaults for PD1/pdf/m/n on input line 5.
LaTeX Font Info:    ... okay on input line 5.
LaTeX Font Info:    Checking defaults for PU/pdf/m/n on input line 5.
LaTeX Font Info:    ... okay on input line 5.
LaTeX Info: Redefining \degres on input line 5.
Package french.ldf Info: Setting StandardItemizeEnv=true for
(french.ldf)             compatibility with enumitem package,
(french.ldf)             reported on input line 5.
Package french.ldf Info: Setting StandardEnumerateEnv=true for
(french.ldf)             compatibility with enumitem package,
(french.ldf)             reported on input line 5.
LaTeX Info: Redefining \up on input line 5.
 (C:\Users\cidmo\AppData\Local\Programs\MiKTeX\tex/context/base/mkii\supp-pdf.mkii
[Loading MPS to PDF converter (version 2006.09.02).]
\scratchcounter=\count367
\scratchdimen=\dimen339
\scratchbox=\box110
\nofMPsegments=\count368
\nofMParguments=\count369
\everyMPshowfont=\toks53
\MPscratchCnt=\count370
\MPscratchDim=\dimen340
\MPnumerator=\count371
\makeMPintoPDFobject=\count372
\everyMPtoPDFconversion=\toks54
) (C:\Users\cidmo\AppData\Local\Programs\MiKTeX\tex/latex/epstopdf-pkg\epstopdf-base.sty
Package: epstopdf-base 2020-01-24 v2.11 Base part for package epstopdf
Package epstopdf-base Info: Redefining graphics rule for `.eps' on input line 485.
 (C:\Users\cidmo\AppData\Local\Programs\MiKTeX\tex/latex/00miktex\epstopdf-sys.cfg
File: epstopdf-sys.cfg 2021/03/18 v2.0 Configuration of epstopdf for MiKTeX
))
\c@lstlisting=\count373

*geometry* driver: auto-detecting
*geometry* detected driver: pdftex
*geometry* verbose mode - [ preamble ] result:
* driver: pdftex
* paper: a4paper
* layout: <same size as paper>
* layoutoffset:(h,v)=(0.0pt,0.0pt)
* modes: 
* h-part:(L,W,R)=(56.9055pt, 483.69687pt, 56.9055pt)
* v-part:(T,H,B)=(71.13188pt, 702.78308pt, 71.13188pt)
* \paperwidth=597.50787pt
* \paperheight=845.04684pt
* \textwidth=483.69687pt
* \textheight=702.78308pt
* \oddsidemargin=-15.36449pt
* \evensidemargin=-15.36449pt
* \topmargin=-38.1381pt
* \headheight=12.0pt
* \headsep=25.0pt
* \topskip=10.0pt
* \footskip=30.0pt
* \marginparwidth=57.0pt
* \marginparsep=11.0pt
* \columnsep=10.0pt
* \skip\footins=9.0pt plus 4.0pt minus 2.0pt
* \hoffset=0.0pt
* \voffset=0.0pt
* \mag=1000
* \@twocolumnfalse
* \@twosidefalse
* \@mparswitchfalse
* \@reversemarginfalse
* (1in=72.27pt=25.4mm, 1cm=28.453pt)

Package caption Info: Begin \AtBeginDocument code.
Package caption Info: subfig package v1.3 is loaded.
Package caption Info: hyperref package is loaded.
Package caption Info: End \AtBeginDocument code.
(C:\Users\cidmo\AppData\Local\Programs\MiKTeX\tex/latex/translations/dicts\translations-basic-dictionary-french.trsl
File: translations-basic-dictionary-french.trsl (french translation file `translations-basic-dictionary')
)
Package translations Info: loading dictionary `translations-basic-dictionary' for `french'. on input line 5.

Package pgfplots notification 'compat/show suggested version=true': you might benefit from \pgfplotsset{compat=1.18} (current compat level: 1.9).

Package hyperref Info: Link coloring ON on input line 5.
(main.out) (main.out)
\@outlinefile=\write4
\openout4 = `main.out'.

 (Page_De_Garde.tex
<Images/Divers/Logo-INSAS.png, id=214, 602.25pt x 130.23656pt>
File: Images/Divers/Logo-INSAS.png Graphic file (type png)
<use Images/Divers/Logo-INSAS.png>
Package pdftex.def Info: Images/Divers/Logo-INSAS.png  used on input line 5.
(pdftex.def)             Requested size: 331.23851pt x 71.63033pt.
 [0

{C:/Users/cidmo/AppData/Local/MiKTeX/fonts/map/pdftex/pdftex.map}{C:/Users/cidmo/AppData/Local/Programs/MiKTeX/fonts/enc/dvips/lm/lm-ec.enc} <./Images/Divers/Logo-INSAS.png>]) (main.toc
LaTeX Font Info:    Trying to load font information for OT1+lmr on input line 3.
 (C:\Users\cidmo\AppData\Local\Programs\MiKTeX\tex/latex/lm\ot1lmr.fd
File: ot1lmr.fd 2015/05/01 v1.6.1 Font defs for Latin Modern
)
LaTeX Font Info:    Trying to load font information for OML+lmm on input line 3.
 (C:\Users\cidmo\AppData\Local\Programs\MiKTeX\tex/latex/lm\omllmm.fd
File: omllmm.fd 2015/05/01 v1.6.1 Font defs for Latin Modern
)
LaTeX Font Info:    Trying to load font information for OMS+lmsy on input line 3.
 (C:\Users\cidmo\AppData\Local\Programs\MiKTeX\tex/latex/lm\omslmsy.fd
File: omslmsy.fd 2015/05/01 v1.6.1 Font defs for Latin Modern
)
LaTeX Font Info:    Trying to load font information for OMX+lmex on input line 3.
 (C:\Users\cidmo\AppData\Local\Programs\MiKTeX\tex/latex/lm\omxlmex.fd
File: omxlmex.fd 2015/05/01 v1.6.1 Font defs for Latin Modern
)
LaTeX Font Info:    External font `lmex10' loaded for size
(Font)              <10> on input line 3.
LaTeX Font Info:    External font `lmex10' loaded for size
(Font)              <7> on input line 3.
LaTeX Font Info:    External font `lmex10' loaded for size
(Font)              <5> on input line 3.
LaTeX Font Info:    Trying to load font information for U+msa on input line 3.
 (C:\Users\cidmo\AppData\Local\Programs\MiKTeX\tex/latex/amsfonts\umsa.fd
File: umsa.fd 2013/01/14 v3.01 AMS symbols A
)
LaTeX Font Info:    Trying to load font information for U+msb on input line 3.
 (C:\Users\cidmo\AppData\Local\Programs\MiKTeX\tex/latex/amsfonts\umsb.fd
File: umsb.fd 2013/01/14 v3.01 AMS symbols B
))
\tf@toc=\write5
\openout5 = `main.toc'.

 [1] [2] (main.lot)
\tf@lot=\write6
\openout6 = `main.lot'.

 (main.lof)
\tf@lof=\write7
\openout7 = `main.lof'.

 [3{C:/Users/cidmo/AppData/Local/Programs/MiKTeX/fonts/enc/dvips/lm/lm-mathit.enc}] (Parties/inter.tex
Underfull \hbox (badness 10000) in paragraph at lines 25--29

 []


Underfull \hbox (badness 10000) in paragraph at lines 25--29

 []

File: Images/Divers/Logo-INSAS.png Graphic file (type png)
<use Images/Divers/Logo-INSAS.png>
Package pdftex.def Info: Images/Divers/Logo-INSAS.png  used on input line 30.
(pdftex.def)             Requested size: 102.38113pt x 22.13991pt.
[4]
LaTeX Font Info:    Trying to load font information for TS1+lmr on input line 54.
 (C:\Users\cidmo\AppData\Local\Programs\MiKTeX\tex/latex/lm\ts1lmr.fd
File: ts1lmr.fd 2015/05/01 v1.6.1 Font defs for Latin Modern
) (CircuitTikz/Schema_eq_Moteur.tex
Overfull \hbox (3.51pt too wide) in paragraph at lines 15--15
[][]$\OML/lmm/m/it/10 U[]$  
 []


Overfull \hbox (4.08394pt too wide) in paragraph at lines 16--16
[][]$\OML/lmm/m/it/10 U[]$  
 []


Overfull \hbox (4.27942pt too wide) in paragraph at lines 17--17
[][]$\OML/lmm/m/it/10 U[]$  
 []


Overfull \hbox (17.64032pt too wide) in paragraph at lines 20--20
[][][]\T1/lmr/m/n/10 Induit[]  
 []

)
File: Images/Divers/Logo-INSAS.png Graphic file (type png)
<use Images/Divers/Logo-INSAS.png>
Package pdftex.def Info: Images/Divers/Logo-INSAS.png  used on input line 119.
(pdftex.def)             Requested size: 102.38113pt x 22.13991pt.
 [5{C:/Users/cidmo/AppData/Local/Programs/MiKTeX/fonts/enc/dvips/lm/lm-rm.enc}{C:/Users/cidmo/AppData/Local/Programs/MiKTeX/fonts/enc/dvips/lm/lm-ts1.enc}{C:/Users/cidmo/AppData/Local/Programs/MiKTeX/fonts/enc/dvips/lm/lm-mathsy.enc}] (CircuitTikz/Struct_global.tex)
Overfull \hbox (14.34352pt too wide) in paragraph at lines 28--125
 [][] 
 []


Underfull \hbox (badness 10000) in paragraph at lines 129--131

 []

File: Images/Divers/Logo-INSAS.png Graphic file (type png)
<use Images/Divers/Logo-INSAS.png>
Package pdftex.def Info: Images/Divers/Logo-INSAS.png  used on input line 131.
(pdftex.def)             Requested size: 102.38113pt x 22.13991pt.
[6]
<Images/Divers/gant.jpeg, id=449, 1095.3422pt x 447.17062pt>
File: Images/Divers/gant.jpeg Graphic file (type jpg)
<use Images/Divers/gant.jpeg>
Package pdftex.def Info: Images/Divers/gant.jpeg  used on input line 159.
(pdftex.def)             Requested size: 507.88318pt x 207.34538pt.

Overfull \hbox (24.18631pt too wide) in paragraph at lines 159--160
 [][] 
 []


Underfull \hbox (badness 10000) in paragraph at lines 165--167

 []

File: Images/Divers/Logo-INSAS.png Graphic file (type png)
<use Images/Divers/Logo-INSAS.png>
Package pdftex.def Info: Images/Divers/Logo-INSAS.png  used on input line 167.
(pdftex.def)             Requested size: 102.38113pt x 22.13991pt.
[7 <./Images/Divers/gant.jpeg>]
Underfull \hbox (badness 10000) in paragraph at lines 171--173

 []


Underfull \hbox (badness 10000) in paragraph at lines 199--200

 []


Underfull \hbox (badness 10000) in paragraph at lines 201--202

 []

<Images//Modelisation//MATLAB/Matlab_premire_simu.jpeg, id=460, 901.86937pt x 282.30469pt>
File: Images//Modelisation//MATLAB/Matlab_premire_simu.jpeg Graphic file (type jpg)
<use Images//Modelisation//MATLAB/Matlab_premire_simu.jpeg>
Package pdftex.def Info: Images//Modelisation//MATLAB/Matlab_premire_simu.jpeg  used on input line 208.
(pdftex.def)             Requested size: 241.84843pt x 75.70206pt.
<Images//Modelisation//MATLAB/Simulink_moteur_seul.png, id=463, 455.301pt x 177.7842pt>
File: Images//Modelisation//MATLAB/Simulink_moteur_seul.png Graphic file (type png)
<use Images//Modelisation//MATLAB/Simulink_moteur_seul.png>
Package pdftex.def Info: Images//Modelisation//MATLAB/Simulink_moteur_seul.png  used on input line 216.
(pdftex.def)             Requested size: 483.69687pt x 188.87894pt.
File: Images/Divers/Logo-INSAS.png Graphic file (type png)
<use Images/Divers/Logo-INSAS.png>
Package pdftex.def Info: Images/Divers/Logo-INSAS.png  used on input line 219.
(pdftex.def)             Requested size: 102.38113pt x 22.13991pt.
[8 <./Images//Modelisation//MATLAB/Matlab_premire_simu.jpeg>]
<Images/Modelisation/PSIM/PSIM_determination_Kphi.png, id=471, 313.17pt x 163.812pt>
File: Images/Modelisation/PSIM/PSIM_determination_Kphi.png Graphic file (type png)
<use Images/Modelisation/PSIM/PSIM_determination_Kphi.png>
Package pdftex.def Info: Images/Modelisation/PSIM/PSIM_determination_Kphi.png  used on input line 230.
(pdftex.def)             Requested size: 256.0748pt x 133.95175pt.
<Images/Modelisation/PSIM/Caractristiques_moteur_PSIM_determination_Kphi.png, id=472, 224.5188pt x 241.8636pt>
File: Images/Modelisation/PSIM/Caractristiques_moteur_PSIM_determination_Kphi.png Graphic file (type png)
<use Images/Modelisation/PSIM/Caractristiques_moteur_PSIM_determination_Kphi.png>
Package pdftex.def Info: Images/Modelisation/PSIM/Caractristiques_moteur_PSIM_determination_Kphi.png  used on input line 232.
(pdftex.def)             Requested size: 142.26378pt x 153.25322pt.
File: Images/Divers/Logo-INSAS.png Graphic file (type png)
<use Images/Divers/Logo-INSAS.png>
Package pdftex.def Info: Images/Divers/Logo-INSAS.png  used on input line 236.
(pdftex.def)             Requested size: 102.38113pt x 22.13991pt.
 [9 <./Images//Modelisation//MATLAB/Simulink_moteur_seul.png> <./Images/Modelisation/PSIM/PSIM_determination_Kphi.png> <./Images/Modelisation/PSIM/Caractristiques_moteur_PSIM_determination_Kphi.png>]
Underfull \hbox (badness 10000) in paragraph at lines 256--260

 []

<Images//Modelisation//PSIM/PSIM moteur seul.png, id=486, 342.078pt x 258.7266pt>
File: Images//Modelisation//PSIM/PSIM moteur seul.png Graphic file (type png)
<use Images//Modelisation//PSIM/PSIM moteur seul.png>
Package pdftex.def Info: Images//Modelisation//PSIM/PSIM moteur seul.png  used on input line 263.
(pdftex.def)             Requested size: 290.22107pt x 219.512pt.
File: Images/Divers/Logo-INSAS.png Graphic file (type png)
<use Images/Divers/Logo-INSAS.png>
Package pdftex.def Info: Images/Divers/Logo-INSAS.png  used on input line 268.
(pdftex.def)             Requested size: 102.38113pt x 22.13991pt.
[10 <./Images//Modelisation//PSIM/PSIM moteur seul.png>]
<Images//Modelisation//MATLAB/comparaison moteur seul courant induit.jpeg, id=495, 1606.0pt x 739.76375pt>
File: Images//Modelisation//MATLAB/comparaison moteur seul courant induit.jpeg Graphic file (type jpg)
<use Images//Modelisation//MATLAB/comparaison moteur seul courant induit.jpeg>
Package pdftex.def Info: Images//Modelisation//MATLAB/comparaison moteur seul courant induit.jpeg  used on input line 276.
(pdftex.def)             Requested size: 199.16928pt x 91.73653pt.
<Images//Modelisation//MATLAB/Zoom comparaison moteur seul.jpeg, id=496, 1606.0pt x 734.745pt>
File: Images//Modelisation//MATLAB/Zoom comparaison moteur seul.jpeg Graphic file (type jpg)
<use Images//Modelisation//MATLAB/Zoom comparaison moteur seul.jpeg>
Package pdftex.def Info: Images//Modelisation//MATLAB/Zoom comparaison moteur seul.jpeg  used on input line 278.
(pdftex.def)             Requested size: 227.62204pt x 104.13046pt.
<Images//Modelisation//MATLAB/comparaison vitesse matlab moteur seul.jpeg, id=499, 1606.0pt x 753.81625pt>
File: Images//Modelisation//MATLAB/comparaison vitesse matlab moteur seul.jpeg Graphic file (type jpg)
<use Images//Modelisation//MATLAB/comparaison vitesse matlab moteur seul.jpeg>
Package pdftex.def Info: Images//Modelisation//MATLAB/comparaison vitesse matlab moteur seul.jpeg  used on input line 286.
(pdftex.def)             Requested size: 227.62204pt x 106.83331pt.
<Images//Modelisation//MATLAB/Zoom comparaison vitesse moteur seul Matlab.jpeg, id=500, 1606.0pt x 737.75626pt>
File: Images//Modelisation//MATLAB/Zoom comparaison vitesse moteur seul Matlab.jpeg Graphic file (type jpg)
<use Images//Modelisation//MATLAB/Zoom comparaison vitesse moteur seul Matlab.jpeg>
Package pdftex.def Info: Images//Modelisation//MATLAB/Zoom comparaison vitesse moteur seul Matlab.jpeg  used on input line 288.
(pdftex.def)             Requested size: 227.62204pt x 104.55724pt.

Underfull \hbox (badness 10000) in paragraph at lines 282--291

 []


Underfull \hbox (badness 10000) in paragraph at lines 292--295

 []

File: Images/Divers/Logo-INSAS.png Graphic file (type png)
<use Images/Divers/Logo-INSAS.png>
Package pdftex.def Info: Images/Divers/Logo-INSAS.png  used on input line 295.
(pdftex.def)             Requested size: 102.38113pt x 22.13991pt.
[11 <./Images//Modelisation//MATLAB/comparaison moteur seul courant induit.jpeg> <./Images//Modelisation//MATLAB/Zoom comparaison moteur seul.jpeg> <./Images//Modelisation//MATLAB/comparaison vitesse matlab moteur seul.jpeg> <./Images//Modelisation//MATLAB/Zoom comparaison vitesse moteur seul Matlab.jpeg>]
Underfull \hbox (badness 10000) in paragraph at lines 299--302

 []

(CircuitTikz/mot_plux_gen.tex
Overfull \hbox (15.55556pt too wide) in paragraph at lines 24--24
[][]\T1/lmr/m/n/10 Moteur  
 []


Overfull \hbox (5.81075pt too wide) in paragraph at lines 25--25
[][]\T1/lmr/m/n/10 Gnratrice  
 []

)
File: Images/Divers/Logo-INSAS.png Graphic file (type png)
<use Images/Divers/Logo-INSAS.png>
Package pdftex.def Info: Images/Divers/Logo-INSAS.png  used on input line 335.
(pdftex.def)             Requested size: 102.38113pt x 22.13991pt.
 [12]
<Images/Modelisation/PSIM/PSIM_charge_frottements.png, id=525, 1150.2975pt x 412.54124pt>
File: Images/Modelisation/PSIM/PSIM_charge_frottements.png Graphic file (type png)
<use Images/Modelisation/PSIM/PSIM_charge_frottements.png>
Package pdftex.def Info: Images/Modelisation/PSIM/PSIM_charge_frottements.png  used on input line 342.
(pdftex.def)             Requested size: 362.77264pt x 130.10225pt.

Underfull \hbox (badness 10000) in paragraph at lines 349--350

 []

<Images/Modelisation/MATLAB/MATLAB_charge_frottement.png, id=530, 1939.245pt x 851.18pt>
File: Images/Modelisation/MATLAB/MATLAB_charge_frottement.png Graphic file (type png)
<use Images/Modelisation/MATLAB/MATLAB_charge_frottement.png>
Package pdftex.def Info: Images/Modelisation/MATLAB/MATLAB_charge_frottement.png  used on input line 353.
(pdftex.def)             Requested size: 483.69687pt x 212.30092pt.
File: Images/Divers/Logo-INSAS.png Graphic file (type png)
<use Images/Divers/Logo-INSAS.png>
Package pdftex.def Info: Images/Divers/Logo-INSAS.png  used on input line 358.
(pdftex.def)             Requested size: 102.38113pt x 22.13991pt.
[13 <./Images/Modelisation/PSIM/PSIM_charge_frottements.png> <./Images/Modelisation/MATLAB/MATLAB_charge_frottement.png>]
<Images/Modelisation/MATLAB/MATLAB-frott_charges-comparaison_courants_induit.png, id=539, 3158.80125pt x 1604.99625pt>
File: Images/Modelisation/MATLAB/MATLAB-frott_charges-comparaison_courants_induit.png Graphic file (type png)
<use Images/Modelisation/MATLAB/MATLAB-frott_charges-comparaison_courants_induit.png>
Package pdftex.def Info: Images/Modelisation/MATLAB/MATLAB-frott_charges-comparaison_courants_induit.png  used on input line 365.
(pdftex.def)             Requested size: 483.69687pt x 245.75955pt.
<Images/Modelisation/MATLAB/MATLAB-frott_charges-zoom_sur_le_pic_courant.png, id=542, 3176.86874pt x 1626.075pt>
File: Images/Modelisation/MATLAB/MATLAB-frott_charges-zoom_sur_le_pic_courant.png Graphic file (type png)
<use Images/Modelisation/MATLAB/MATLAB-frott_charges-zoom_sur_le_pic_courant.png>
Package pdftex.def Info: Images/Modelisation/MATLAB/MATLAB-frott_charges-zoom_sur_le_pic_courant.png  used on input line 371.
(pdftex.def)             Requested size: 483.69687pt x 247.57288pt.
<Images/Modelisation/MATLAB/MATLAB-frott_charges-comparaison_vitesse.png, id=545, 3170.84625pt x 1604.99625pt>
File: Images/Modelisation/MATLAB/MATLAB-frott_charges-comparaison_vitesse.png Graphic file (type png)
<use Images/Modelisation/MATLAB/MATLAB-frott_charges-comparaison_vitesse.png>
Package pdftex.def Info: Images/Modelisation/MATLAB/MATLAB-frott_charges-comparaison_vitesse.png  used on input line 377.
(pdftex.def)             Requested size: 483.69687pt x 244.82892pt.
<Images/Modelisation/MATLAB/MATLAB-frott_charges-comparaison_plus_prcis.png, id=548, 3176.86874pt x 1597.97pt>
File: Images/Modelisation/MATLAB/MATLAB-frott_charges-comparaison_plus_prcis.png Graphic file (type png)
<use Images/Modelisation/MATLAB/MATLAB-frott_charges-comparaison_plus_prcis.png>
Package pdftex.def Info: Images/Modelisation/MATLAB/MATLAB-frott_charges-comparaison_plus_prcis.png  used on input line 383.
(pdftex.def)             Requested size: 483.69687pt x 243.29384pt.
File: Images/Divers/Logo-INSAS.png Graphic file (type png)
<use Images/Divers/Logo-INSAS.png>
Package pdftex.def Info: Images/Divers/Logo-INSAS.png  used on input line 386.
(pdftex.def)             Requested size: 102.38113pt x 22.13991pt.
 [14 <./Images/Modelisation/MATLAB/MATLAB-frott_charges-comparaison_courants_induit.png> <./Images/Modelisation/MATLAB/MATLAB-frott_charges-zoom_sur_le_pic_courant.png>]
File: Images/Divers/Logo-INSAS.png Graphic file (type png)
<use Images/Divers/Logo-INSAS.png>
Package pdftex.def Info: Images/Divers/Logo-INSAS.png  used on input line 390.
(pdftex.def)             Requested size: 102.38113pt x 22.13991pt.
 [15 <./Images/Modelisation/MATLAB/MATLAB-frott_charges-comparaison_vitesse.png> <./Images/Modelisation/MATLAB/MATLAB-frott_charges-comparaison_plus_prcis.png>]
LaTeX Font Info:    Trying to load font information for T1+lmtt on input line 438.
 (C:\Users\cidmo\AppData\Local\Programs\MiKTeX\tex/latex/lm\t1lmtt.fd
File: t1lmtt.fd 2015/05/01 v1.6.1 Font defs for Latin Modern
)
Underfull \hbox (badness 10000) in paragraph at lines 447--449

 []


Underfull \hbox (badness 10000) in paragraph at lines 454--457

 []

File: Images/Divers/Logo-INSAS.png Graphic file (type png)
<use Images/Divers/Logo-INSAS.png>
Package pdftex.def Info: Images/Divers/Logo-INSAS.png  used on input line 464.
(pdftex.def)             Requested size: 102.38113pt x 22.13991pt.
[16{C:/Users/cidmo/AppData/Local/Programs/MiKTeX/fonts/enc/dvips/lm/lm-mathex.enc}]
Underfull \hbox (badness 10000) in paragraph at lines 469--472

 []

(CircuitTikz/hacheur-principe.tex) (CircuitTikz/Signaux_commande_hacheur.tex)
File: Images/Divers/Logo-INSAS.png Graphic file (type png)
<use Images/Divers/Logo-INSAS.png>
Package pdftex.def Info: Images/Divers/Logo-INSAS.png  used on input line 488.
(pdftex.def)             Requested size: 102.38113pt x 22.13991pt.
 [17]
<Images/Modelisation/PSIM/hacheur_psim.jpg, id=577, 328.72812pt x 124.96687pt>
File: Images/Modelisation/PSIM/hacheur_psim.jpg Graphic file (type jpg)
<use Images/Modelisation/PSIM/hacheur_psim.jpg>
Package pdftex.def Info: Images/Modelisation/PSIM/hacheur_psim.jpg  used on input line 495.
(pdftex.def)             Requested size: 411.14528pt x 156.30164pt.
 (CircuitTikz/signal_sortie_hacheur.tex
LaTeX Font Info:    External font `lmex10' loaded for size
(Font)              <20.74> on input line 8.
LaTeX Font Info:    External font `lmex10' loaded for size
(Font)              <14.4> on input line 8.
LaTeX Font Info:    External font `lmex10' loaded for size
(Font)              <12> on input line 8.
LaTeX Font Info:    External font `lmex10' loaded for size
(Font)              <9> on input line 17.
LaTeX Font Info:    External font `lmex10' loaded for size
(Font)              <6> on input line 17.
LaTeX Font Info:    External font `lmex10' loaded for size
(Font)              <8> on input line 22.
)
File: Images/Divers/Logo-INSAS.png Graphic file (type png)
<use Images/Divers/Logo-INSAS.png>
Package pdftex.def Info: Images/Divers/Logo-INSAS.png  used on input line 514.
(pdftex.def)             Requested size: 102.38113pt x 22.13991pt.
 [18 <./Images/Modelisation/PSIM/hacheur_psim.jpg>]
<Images/Modelisation/PSIM/Commande_PSIM.jpg, id=588, 158.09062pt x 169.38281pt>
File: Images/Modelisation/PSIM/Commande_PSIM.jpg Graphic file (type jpg)
<use Images/Modelisation/PSIM/Commande_PSIM.jpg>
Package pdftex.def Info: Images/Modelisation/PSIM/Commande_PSIM.jpg  used on input line 527.
(pdftex.def)             Requested size: 193.47578pt x 207.31094pt.
<Images/Modelisation/MATLAB/Commande_Matlab.jpg, id=593, 492.33937pt x 193.47281pt>
File: Images/Modelisation/MATLAB/Commande_Matlab.jpg Graphic file (type jpg)
<use Images/Modelisation/MATLAB/Commande_Matlab.jpg>
Package pdftex.def Info: Images/Modelisation/MATLAB/Commande_Matlab.jpg  used on input line 535.
(pdftex.def)             Requested size: 386.95897pt x 152.06837pt.
File: Images/Divers/Logo-INSAS.png Graphic file (type png)
<use Images/Divers/Logo-INSAS.png>
Package pdftex.def Info: Images/Divers/Logo-INSAS.png  used on input line 539.
(pdftex.def)             Requested size: 102.38113pt x 22.13991pt.
 [19 <./Images/Modelisation/PSIM/Commande_PSIM.jpg> <./Images/Modelisation/MATLAB/Commande_Matlab.jpg>]
Underfull \hbox (badness 10000) in paragraph at lines 543--545

 []

<Images/Modelisation/PSIM/blocs_commande.png, id=602, 446.66875pt x 394.47375pt>
File: Images/Modelisation/PSIM/blocs_commande.png Graphic file (type png)
<use Images/Modelisation/PSIM/blocs_commande.png>
Package pdftex.def Info: Images/Modelisation/PSIM/blocs_commande.png  used on input line 558.
(pdftex.def)             Requested size: 338.58632pt x 299.02669pt.

Underfull \hbox (badness 10000) in paragraph at lines 563--564

 []

File: Images/Divers/Logo-INSAS.png Graphic file (type png)
<use Images/Divers/Logo-INSAS.png>
Package pdftex.def Info: Images/Divers/Logo-INSAS.png  used on input line 564.
(pdftex.def)             Requested size: 102.38113pt x 22.13991pt.
[20 <./Images/Modelisation/PSIM/blocs_commande.png>]
<Images/Modelisation/PSIM/courant_IM_comp_hacheur.png, id=613, 1897.0875pt x 846.16125pt>
File: Images/Modelisation/PSIM/courant_IM_comp_hacheur.png Graphic file (type png)
<use Images/Modelisation/PSIM/courant_IM_comp_hacheur.png>
Package pdftex.def Info: Images/Modelisation/PSIM/courant_IM_comp_hacheur.png  used on input line 568.
(pdftex.def)             Requested size: 483.67854pt x 284.52774pt.
<Images//Modelisation//PSIM/Vitessse_Hacheur.png, id=616, 1901.1025pt x 927.465pt>
File: Images//Modelisation//PSIM/Vitessse_Hacheur.png Graphic file (type png)
<use Images//Modelisation//PSIM/Vitessse_Hacheur.png>
Package pdftex.def Info: Images//Modelisation//PSIM/Vitessse_Hacheur.png  used on input line 576.
(pdftex.def)             Requested size: 483.69687pt x 235.96974pt.
<Images//Modelisation//PSIM/Ondulation_vitesse_hacheur.png, id=619, 1901.1025pt x 927.465pt>
File: Images//Modelisation//PSIM/Ondulation_vitesse_hacheur.png Graphic file (type png)
<use Images//Modelisation//PSIM/Ondulation_vitesse_hacheur.png>
Package pdftex.def Info: Images//Modelisation//PSIM/Ondulation_vitesse_hacheur.png  used on input line 584.
(pdftex.def)             Requested size: 483.69687pt x 235.96974pt.
File: Images/Divers/Logo-INSAS.png Graphic file (type png)
<use Images/Divers/Logo-INSAS.png>
Package pdftex.def Info: Images/Divers/Logo-INSAS.png  used on input line 588.
(pdftex.def)             Requested size: 102.38113pt x 22.13991pt.
 [21 <./Images/Modelisation/PSIM/courant_IM_comp_hacheur.png> <./Images//Modelisation//PSIM/Vitessse_Hacheur.png>]
Underfull \hbox (badness 10000) in paragraph at lines 588--590

 []

File: Images/Divers/Logo-INSAS.png Graphic file (type png)
<use Images/Divers/Logo-INSAS.png>
Package pdftex.def Info: Images/Divers/Logo-INSAS.png  used on input line 600.
(pdftex.def)             Requested size: 102.38113pt x 22.13991pt.
[22 <./Images//Modelisation//PSIM/Ondulation_vitesse_hacheur.png>] (CircuitTikz/schma_bloc_global.tex
LaTeX Font Info:    External font `lmex10' loaded for size
(Font)              <17.28> on input line 4.

Overfull \hbox (0.6426pt too wide) in paragraph at lines 30--30
 [][]\T1/lmr/m/n/8 - 
 []


Overfull \hbox (0.6426pt too wide) in paragraph at lines 31--31
 [][]\T1/lmr/m/n/8 - 
 []


Overfull \hbox (22.61295pt too wide) in paragraph at lines 39--39
 [][]$\OML/lmm/m/it/17.28 ^^N\OT1/lmr/m/n/17.28 (
)$ 
 []


Overfull \hbox (1.27467pt too wide) in paragraph at lines 41--41
[][]\T1/lmr/m/n/17.28 e  
 []


Overfull \hbox (20.51353pt too wide) in paragraph at lines 45--45
[][]$\OML/lmm/m/it/17.28 ^^N\OT1/lmr/m/n/17.28 (\OML/lmm/m/it/17.28 i[]\OT1/lmr/m/n/17.28 )$  
 []


Overfull \hbox (70.08746pt too wide) in paragraph at lines 46--46
[][]$\OML/lmm/m/it/17.28 ^^N\OT1/lmr/m/n/17.28 ([])$  
 []

) (CircuitTikz/schma_bloc_simple.tex
Overfull \hbox (0.6426pt too wide) in paragraph at lines 12--12
 [][]\T1/lmr/m/n/8 - 
 []


Overfull \hbox (22.61295pt too wide) in paragraph at lines 14--14
 [][]$\OML/lmm/m/it/17.28 ^^N\OT1/lmr/m/n/17.28 (
)$ 
 []


Overfull \hbox (20.51353pt too wide) in paragraph at lines 18--18
[][]$\OML/lmm/m/it/17.28 ^^N\OT1/lmr/m/n/17.28 (\OML/lmm/m/it/17.28 i[]\OT1/lmr/m/n/17.28 )$  
 []


Overfull \hbox (70.08746pt too wide) in paragraph at lines 19--19
[][]$\OML/lmm/m/it/17.28 ^^N\OT1/lmr/m/n/17.28 (\OML/lmm/m/it/17.28 u[]\OT1/lmr/m/n/17.28 )$  
 []

)
Overfull \hbox (15.49394pt too wide) in paragraph at lines 26--635
 [][] 
 []

File: Images/Divers/Logo-INSAS.png Graphic file (type png)
<use Images/Divers/Logo-INSAS.png>
Package pdftex.def Info: Images/Divers/Logo-INSAS.png  used on input line 637.
(pdftex.def)             Requested size: 102.38113pt x 22.13991pt.
[23]
<Images//Modelisation//MATLAB/comparaison_courant_simulink.png, id=642, 1417.295pt x 666.49pt>
File: Images//Modelisation//MATLAB/comparaison_courant_simulink.png Graphic file (type png)
<use Images//Modelisation//MATLAB/comparaison_courant_simulink.png>
Package pdftex.def Info: Images//Modelisation//MATLAB/comparaison_courant_simulink.png  used on input line 656.
(pdftex.def)             Requested size: 483.69687pt x 227.45786pt.
<Images//Modelisation//MATLAB/Comparaison_scope_courant.png, id=646, 1580.90625pt x 895.345pt>
File: Images//Modelisation//MATLAB/Comparaison_scope_courant.png Graphic file (type png)
<use Images//Modelisation//MATLAB/Comparaison_scope_courant.png>
Package pdftex.def Info: Images//Modelisation//MATLAB/Comparaison_scope_courant.png  used on input line 664.
(pdftex.def)             Requested size: 386.95897pt x 219.14969pt.
File: Images/Divers/Logo-INSAS.png Graphic file (type png)
<use Images/Divers/Logo-INSAS.png>
Package pdftex.def Info: Images/Divers/Logo-INSAS.png  used on input line 670.
(pdftex.def)             Requested size: 102.38113pt x 22.13991pt.
 [24 <./Images//Modelisation//MATLAB/comparaison_courant_simulink.png> <./Images//Modelisation//MATLAB/Comparaison_scope_courant.png>]
<Images//Modelisation//MATLAB/schema_asser_courant.png, id=657, 998.73125pt x 232.87pt>
File: Images//Modelisation//MATLAB/schema_asser_courant.png Graphic file (type png)
<use Images//Modelisation//MATLAB/schema_asser_courant.png>
Package pdftex.def Info: Images//Modelisation//MATLAB/schema_asser_courant.png  used on input line 677.
(pdftex.def)             Requested size: 386.95897pt x 90.22552pt.
<Images//Modelisation//MATLAB/asserv_courant.png, id=660, 1926.19624pt x 895.345pt>
File: Images//Modelisation//MATLAB/asserv_courant.png Graphic file (type png)
<use Images//Modelisation//MATLAB/asserv_courant.png>
Package pdftex.def Info: Images//Modelisation//MATLAB/asserv_courant.png  used on input line 695.
(pdftex.def)             Requested size: 483.69687pt x 224.83301pt.
<Images//Modelisation//PSIM/Correcteur_PSIM_Ass.png, id=663, 1234.6125pt x 738.76pt>
File: Images//Modelisation//PSIM/Correcteur_PSIM_Ass.png Graphic file (type png)
<use Images//Modelisation//PSIM/Correcteur_PSIM_Ass.png>
Package pdftex.def Info: Images//Modelisation//PSIM/Correcteur_PSIM_Ass.png  used on input line 707.
(pdftex.def)             Requested size: 483.69687pt x 289.43411pt.
File: Images/Divers/Logo-INSAS.png Graphic file (type png)
<use Images/Divers/Logo-INSAS.png>
Package pdftex.def Info: Images/Divers/Logo-INSAS.png  used on input line 710.
(pdftex.def)             Requested size: 102.38113pt x 22.13991pt.
 [25 <./Images//Modelisation//MATLAB/schema_asser_courant.png> <./Images//Modelisation//MATLAB/asserv_courant.png>]
<Images/Modelisation/PSIM/reponse_psim_ass_i.png, id=672, 1892.06876pt x 887.315pt>
File: Images/Modelisation/PSIM/reponse_psim_ass_i.png Graphic file (type png)
<use Images/Modelisation/PSIM/reponse_psim_ass_i.png>
Package pdftex.def Info: Images/Modelisation/PSIM/reponse_psim_ass_i.png  used on input line 714.
(pdftex.def)             Requested size: 483.69687pt x 226.8242pt.

Underfull \hbox (badness 10000) in paragraph at lines 718--721

 []

File: Images/Divers/Logo-INSAS.png Graphic file (type png)
<use Images/Divers/Logo-INSAS.png>
Package pdftex.def Info: Images/Divers/Logo-INSAS.png  used on input line 721.
(pdftex.def)             Requested size: 102.38113pt x 22.13991pt.
[26 <./Images//Modelisation//PSIM/Correcteur_PSIM_Ass.png> <./Images/Modelisation/PSIM/reponse_psim_ass_i.png>]
Underfull \hbox (badness 10000) in paragraph at lines 726--731

 []


Underfull \hbox (badness 10000) in paragraph at lines 726--731

 []

<Images//Modelisation//MATLAB/Asservissemrnt vitesse 8e ordre comparaison.png, id=682, 1155.1155pt x 560.69475pt>
File: Images//Modelisation//MATLAB/Asservissemrnt vitesse 8e ordre comparaison.png Graphic file (type png)
<use Images//Modelisation//MATLAB/Asservissemrnt vitesse 8e ordre comparaison.png>
Package pdftex.def Info: Images//Modelisation//MATLAB/Asservissemrnt vitesse 8e ordre comparaison.png  used on input line 738.
(pdftex.def)             Requested size: 483.69687pt x 234.78864pt.

Underfull \hbox (badness 10000) in paragraph at lines 743--750

 []

File: Images/Divers/Logo-INSAS.png Graphic file (type png)
<use Images/Divers/Logo-INSAS.png>
Package pdftex.def Info: Images/Divers/Logo-INSAS.png  used on input line 750.
(pdftex.def)             Requested size: 102.38113pt x 22.13991pt.
[27 <./Images//Modelisation//MATLAB/Asservissemrnt vitesse 8e ordre comparaison.png>]
Underfull \hbox (badness 10000) in paragraph at lines 750--755

 []


Underfull \hbox (badness 10000) in paragraph at lines 755--762

 []


Underfull \hbox (badness 10000) in paragraph at lines 755--762

 []

<Images//Modelisation//MATLAB/Comparaison 3 courbes vitesse matlab.png, id=690, 1154.51324pt x 555.87675pt>
File: Images//Modelisation//MATLAB/Comparaison 3 courbes vitesse matlab.png Graphic file (type png)
<use Images//Modelisation//MATLAB/Comparaison 3 courbes vitesse matlab.png>
Package pdftex.def Info: Images//Modelisation//MATLAB/Comparaison 3 courbes vitesse matlab.png  used on input line 773.
(pdftex.def)             Requested size: 483.69687pt x 232.88986pt.
(CircuitTikz/Schema_bloc_asservisset_vitesse_f.tex)
Underfull \hbox (badness 10000) in paragraph at lines 777--788

 []

File: Images/Divers/Logo-INSAS.png Graphic file (type png)
<use Images/Divers/Logo-INSAS.png>
Package pdftex.def Info: Images/Divers/Logo-INSAS.png  used on input line 788.
(pdftex.def)             Requested size: 102.38113pt x 22.13991pt.
[28 <./Images//Modelisation//MATLAB/Comparaison 3 courbes vitesse matlab.png>]
Underfull \hbox (badness 10000) in paragraph at lines 797--802

 []


Underfull \hbox (badness 10000) in paragraph at lines 814--819

 []

File: Images/Divers/Logo-INSAS.png Graphic file (type png)
<use Images/Divers/Logo-INSAS.png>
Package pdftex.def Info: Images/Divers/Logo-INSAS.png  used on input line 819.
(pdftex.def)             Requested size: 102.38113pt x 22.13991pt.
[29]
<Images//Modelisation//MATLAB/Asservissement vitesse PI Matlab.png, id=705, 720.89325pt x 227.6505pt>
File: Images//Modelisation//MATLAB/Asservissement vitesse PI Matlab.png Graphic file (type png)
<use Images//Modelisation//MATLAB/Asservissement vitesse PI Matlab.png>
Package pdftex.def Info: Images//Modelisation//MATLAB/Asservissement vitesse PI Matlab.png  used on input line 825.
(pdftex.def)             Requested size: 483.69687pt x 152.74734pt.

Underfull \hbox (badness 10000) in paragraph at lines 830--834

 []

<Images//Modelisation//MATLAB/Vitesse_Asservie Graph Matlab PI calcul.png, id=706, 1154.51324pt x 558.28575pt>
File: Images//Modelisation//MATLAB/Vitesse_Asservie Graph Matlab PI calcul.png Graphic file (type png)
<use Images//Modelisation//MATLAB/Vitesse_Asservie Graph Matlab PI calcul.png>
Package pdftex.def Info: Images//Modelisation//MATLAB/Vitesse_Asservie Graph Matlab PI calcul.png  used on input line 837.
(pdftex.def)             Requested size: 483.69687pt x 233.89914pt.

Underfull \hbox (badness 10000) in paragraph at lines 845--850

 []


Underfull \hbox (badness 10000) in paragraph at lines 845--850

 []

<Images//Modelisation//PSIM/corr_vitesse_glob_psim.png, id=709, 1219.55624pt x 692.5875pt>
File: Images//Modelisation//PSIM/corr_vitesse_glob_psim.png Graphic file (type png)
<use Images//Modelisation//PSIM/corr_vitesse_glob_psim.png>
Package pdftex.def Info: Images//Modelisation//PSIM/corr_vitesse_glob_psim.png  used on input line 857.
(pdftex.def)             Requested size: 483.69687pt x 274.69455pt.

Underfull \hbox (badness 10000) in paragraph at lines 853--860

 []

File: Images/Divers/Logo-INSAS.png Graphic file (type png)
<use Images/Divers/Logo-INSAS.png>
Package pdftex.def Info: Images/Divers/Logo-INSAS.png  used on input line 860.
(pdftex.def)             Requested size: 102.38113pt x 22.13991pt.
[30 <./Images//Modelisation//MATLAB/Asservissement vitesse PI Matlab.png> <./Images//Modelisation//MATLAB/Vitesse_Asservie Graph Matlab PI calcul.png>]
<Images//Modelisation//PSIM/courbe_vitesse_corrige_psim.png, id=719, 1892.06876pt x 887.315pt>
File: Images//Modelisation//PSIM/courbe_vitesse_corrige_psim.png Graphic file (type png)
<use Images//Modelisation//PSIM/courbe_vitesse_corrige_psim.png>
Package pdftex.def Info: Images//Modelisation//PSIM/courbe_vitesse_corrige_psim.png  used on input line 864.
(pdftex.def)             Requested size: 483.69687pt x 226.8242pt.

Underfull \hbox (badness 10000) in paragraph at lines 868--871

 []

File: Images/Divers/Logo-INSAS.png Graphic file (type png)
<use Images/Divers/Logo-INSAS.png>
Package pdftex.def Info: Images/Divers/Logo-INSAS.png  used on input line 871.
(pdftex.def)             Requested size: 102.38113pt x 22.13991pt.
[31 <./Images//Modelisation//PSIM/corr_vitesse_glob_psim.png> <./Images//Modelisation//PSIM/courbe_vitesse_corrige_psim.png>]) (Parties/final.tex
Underfull \hbox (badness 10000) in paragraph at lines 3--4

 []

<Images/Modelisation/MATLAB/NV_Gain_Matlab.jpg, id=729, 595.22375pt x 242.40562pt>
File: Images/Modelisation/MATLAB/NV_Gain_Matlab.jpg Graphic file (type jpg)
<use Images/Modelisation/MATLAB/NV_Gain_Matlab.jpg>
Package pdftex.def Info: Images/Modelisation/MATLAB/NV_Gain_Matlab.jpg  used on input line 10.
(pdftex.def)             Requested size: 256.0748pt x 104.28415pt.
<Images/Modelisation/PSIM/NV_Gain_PSIM.jpg, id=730, 346.29375pt x 268.00125pt>
File: Images/Modelisation/PSIM/NV_Gain_PSIM.jpg Graphic file (type jpg)
<use Images/Modelisation/PSIM/NV_Gain_PSIM.jpg>
Package pdftex.def Info: Images/Modelisation/PSIM/NV_Gain_PSIM.jpg  used on input line 12.
(pdftex.def)             Requested size: 170.71652pt x 132.12326pt.

Underfull \hbox (badness 10000) in paragraph at lines 16--17

 []

File: Images/Divers/Logo-INSAS.png Graphic file (type png)
<use Images/Divers/Logo-INSAS.png>
Package pdftex.def Info: Images/Divers/Logo-INSAS.png  used on input line 19.
(pdftex.def)             Requested size: 102.38113pt x 22.13991pt.
[32 <./Images/Modelisation/MATLAB/NV_Gain_Matlab.jpg> <./Images/Modelisation/PSIM/NV_Gain_PSIM.jpg>]
<Images//Modelisation/MATLAB/Matlab_complet.jpg, id=739, 647.92062pt x 355.3275pt>
File: Images//Modelisation/MATLAB/Matlab_complet.jpg Graphic file (type jpg)
<use Images//Modelisation/MATLAB/Matlab_complet.jpg>
Package pdftex.def Info: Images//Modelisation/MATLAB/Matlab_complet.jpg  used on input line 23.
(pdftex.def)             Requested size: 483.69687pt x 265.2696pt.
<Images/Modelisation/MATLAB/Comp_syst_complet_asservi_vitesse.png, id=742, 632.3625pt x 474.27188pt>
File: Images/Modelisation/MATLAB/Comp_syst_complet_asservi_vitesse.png Graphic file (type png)
<use Images/Modelisation/MATLAB/Comp_syst_complet_asservi_vitesse.png>
Package pdftex.def Info: Images/Modelisation/MATLAB/Comp_syst_complet_asservi_vitesse.png  used on input line 34.
(pdftex.def)             Requested size: 338.58632pt x 253.94643pt.
<Images/Modelisation/MATLAB/Comp_syst_complet_asservi_courant.png, id=745, 632.3625pt x 474.27188pt>
File: Images/Modelisation/MATLAB/Comp_syst_complet_asservi_courant.png Graphic file (type png)
<use Images/Modelisation/MATLAB/Comp_syst_complet_asservi_courant.png>
Package pdftex.def Info: Images/Modelisation/MATLAB/Comp_syst_complet_asservi_courant.png  used on input line 41.
(pdftex.def)             Requested size: 338.58632pt x 253.94643pt.
File: Images/Divers/Logo-INSAS.png Graphic file (type png)
<use Images/Divers/Logo-INSAS.png>
Package pdftex.def Info: Images/Divers/Logo-INSAS.png  used on input line 45.
(pdftex.def)             Requested size: 102.38113pt x 22.13991pt.
 [33 <./Images//Modelisation/MATLAB/Matlab_complet.jpg> <./Images/Modelisation/MATLAB/Comp_syst_complet_asservi_vitesse.png (PNG copy)>]
Underfull \hbox (badness 10000) in paragraph at lines 45--47

 []


Underfull \hbox (badness 10000) in paragraph at lines 51--54

 []

(CircuitTikz/ref_mean_graph.tex)
Underfull \hbox (badness 10000) in paragraph at lines 54--61

 []


Underfull \hbox (badness 10000) in paragraph at lines 63--64

 []

File: Images/Divers/Logo-INSAS.png Graphic file (type png)
<use Images/Divers/Logo-INSAS.png>
Package pdftex.def Info: Images/Divers/Logo-INSAS.png  used on input line 71.
(pdftex.def)             Requested size: 102.38113pt x 22.13991pt.
[34 <./Images/Modelisation/MATLAB/Comp_syst_complet_asservi_courant.png (PNG copy)>]) (Parties/arb_fig.tex
File: Images/Divers/Logo-INSAS.png Graphic file (type png)
<use Images/Divers/Logo-INSAS.png>
Package pdftex.def Info: Images/Divers/Logo-INSAS.png  used on input line 1.
(pdftex.def)             Requested size: 102.38113pt x 22.13991pt.
 [35]
Overfull \hbox (10.47122pt too wide) in paragraph at lines 13--14
[]\T1/lmr/m/n/10 Figure ([][]6[][]) :[][]/Mo-de-li-sa-tion et si-mu-la-tion du sys-teme en boucle ou-ver-te/P-SIM/-Mo-teur_a_vide_PSIM.psimsch[][] 
 []


Overfull \hbox (10.47122pt too wide) in paragraph at lines 15--16
[]\T1/lmr/m/n/10 Figure ([][]7[][]) :[][]/Mo-de-li-sa-tion et si-mu-la-tion du sys-teme en boucle ou-ver-te/P-SIM/-Mo-teur_a_vide_PSIM.psimsch[][] 
 []


Overfull \hbox (24.94283pt too wide) in paragraph at lines 25--26
[]\T1/lmr/m/n/10 Figure ([][]13[][]) :[][]/Frot-te-ments et char-ges/-MAT-LAB/-Com-pa-rai-son_courant_et_vitesse_frottements_et_charges.m[][] 
 []


Overfull \hbox (24.94283pt too wide) in paragraph at lines 27--28
[]\T1/lmr/m/n/10 Figure ([][]14[][]) :[][]/Frot-te-ments et char-ges/-MAT-LAB/-Com-pa-rai-son_courant_et_vitesse_frottements_et_charges.m[][] 
 []


Overfull \hbox (24.94283pt too wide) in paragraph at lines 29--30
[]\T1/lmr/m/n/10 Figure ([][]15[][]) :[][]/Frot-te-ments et char-ges/-MAT-LAB/-Com-pa-rai-son_courant_et_vitesse_frottements_et_charges.m[][] 
 []


Overfull \hbox (24.94283pt too wide) in paragraph at lines 31--32
[]\T1/lmr/m/n/10 Figure ([][]16[][]) :[][]/Frot-te-ments et char-ges/-MAT-LAB/-Com-pa-rai-son_courant_et_vitesse_frottements_et_charges.m[][] 
 []


Overfull \hbox (18.33243pt too wide) in paragraph at lines 59--60
[]\T1/lmr/m/n/10 Figure ([][]35[][]) :[][]/As-ser-vis-se-ment de vi-tes-se/-MAT-LAB/-Fonc-tion_de_transfert_courant_et_vitesse_MATLAB.m[][] 
 []


Overfull \hbox (21.97131pt too wide) in paragraph at lines 61--62
[]\T1/lmr/m/n/10 Figure ([][]36[][]) :[][]/As-ser-vis-se-ment de vi-tes-se/-MAT-LAB/-Com-pa-rai-sons_asservissement_de_vitesse_SIMULINK.slx[][] 
 []


Overfull \hbox (21.97131pt too wide) in paragraph at lines 63--64
[]\T1/lmr/m/n/10 Figure ([][]39[][]) :[][]/As-ser-vis-se-ment de vi-tes-se/-MAT-LAB/-Com-pa-rai-sons_asservissement_de_vitesse_SIMULINK.slx[][] 
 []

)
File: Images/Divers/Logo-INSAS.png Graphic file (type png)
<use Images/Divers/Logo-INSAS.png>
Package pdftex.def Info: Images/Divers/Logo-INSAS.png  used on input line 29.
(pdftex.def)             Requested size: 102.38113pt x 22.13991pt.
 [36] (main.aux)
 ***********
LaTeX2e <2023-06-01> patch level 1
L3 programming layer <2023-08-29>
 ***********


LaTeX Warning: There were multiply-defined labels.

Package rerunfilecheck Info: File `main.out' has not changed.
(rerunfilecheck)             Checksum: D0A301FC29161F2C6627E3737850FDAE;11342.
 ) 
Here is how much of TeX's memory you used:
 65031 strings out of 475247
 1679690 string characters out of 5757792
 2346280 words of memory out of 5000000
 85590 multiletter control sequences out of 15000+600000
 650305 words of font info for 110 fonts, out of 8000000 for 9000
 1141 hyphenation exceptions out of 8191
 104i,16n,106p,1015b,1129s stack positions out of 10000i,1000n,20000p,200000b,200000s
<C:/Users/cidmo/AppData/Local/Programs/MiKTeX/fonts/type1/public/amsfonts/latxfont/line10.pfb><C:/Users/cidmo/AppData/Local/Programs/MiKTeX/fonts/type1/public/lm/lmbx10.pfb><C:/Users/cidmo/AppData/Local/Programs/MiKTeX/fonts/type1/public/lm/lmbx12.pfb><C:/Users/cidmo/AppData/Local/Programs/MiKTeX/fonts/type1/public/lm/lmcsc10.pfb><C:/Users/cidmo/AppData/Local/Programs/MiKTeX/fonts/type1/public/lm/lmex10.pfb><C:/Users/cidmo/AppData/Local/Programs/MiKTeX/fonts/type1/public/lm/lmmi10.pfb><C:/Users/cidmo/AppData/Local/Programs/MiKTeX/fonts/type1/public/lm/lmmi12.pfb><C:/Users/cidmo/AppData/Local/Programs/MiKTeX/fonts/type1/public/lm/lmmi5.pfb><C:/Users/cidmo/AppData/Local/Programs/MiKTeX/fonts/type1/public/lm/lmmi7.pfb><C:/Users/cidmo/AppData/Local/Programs/MiKTeX/fonts/type1/public/lm/lmmi8.pfb><C:/Users/cidmo/AppData/Local/Programs/MiKTeX/fonts/type1/public/lm/lmmi9.pfb><C:/Users/cidmo/AppData/Local/Programs/MiKTeX/fonts/type1/public/lm/lmr10.pfb><C:/Users/cidmo/AppData/Local/Programs/MiKTeX/fonts/type1/public/lm/lmr12.pfb><C:/Users/cidmo/AppData/Local/Programs/MiKTeX/fonts/type1/public/lm/lmr17.pfb><C:/Users/cidmo/AppData/Local/Programs/MiKTeX/fonts/type1/public/lm/lmr5.pfb><C:/Users/cidmo/AppData/Local/Programs/MiKTeX/fonts/type1/public/lm/lmr7.pfb><C:/Users/cidmo/AppData/Local/Programs/MiKTeX/fonts/type1/public/lm/lmr8.pfb><C:/Users/cidmo/AppData/Local/Programs/MiKTeX/fonts/type1/public/lm/lmr9.pfb><C:/Users/cidmo/AppData/Local/Programs/MiKTeX/fonts/type1/public/lm/lmri10.pfb><C:/Users/cidmo/AppData/Local/Programs/MiKTeX/fonts/type1/public/lm/lmsy10.pfb><C:/Users/cidmo/AppData/Local/Programs/MiKTeX/fonts/type1/public/lm/lmsy7.pfb><C:/Users/cidmo/AppData/Local/Programs/MiKTeX/fonts/type1/public/lm/lmsy8.pfb><C:/Users/cidmo/AppData/Local/Programs/MiKTeX/fonts/type1/public/lm/lmsy9.pfb><C:/Users/cidmo/AppData/Local/Programs/MiKTeX/fonts/type1/public/lm/lmtt10.pfb>
Output written on main.pdf (37 pages, 2349659 bytes).
PDF statistics:
 978 PDF objects out of 1000 (max. 8388607)
 152 named destinations out of 1000 (max. 500000)
 634 words of extra memory for PDF output out of 10000 (max. 10000000)

