\BOOKMARK [1][-]{section*.2}{\376\377\000I\000n\000t\000r\000o\000d\000u\000c\000t\000i\000o\000n}{}% 1
\BOOKMARK [1][-]{section.1}{\376\377\000P\000r\000\351\000s\000e\000n\000t\000a\000t\000i\000o\000n\000\040\000d\000e\000s\000\040\000m\000a\000c\000h\000i\000n\000e\000s\000\040\000\340\000\040\000c\000o\000u\000r\000a\000n\000t\000\040\000c\000o\000n\000t\000i\000n\000u\000\040\000u\000t\000i\000l\000i\000s\000\351\000e\000s}{}% 2
\BOOKMARK [2][-]{subsection.1.1}{\376\377\000F\000o\000n\000c\000t\000i\000o\000n\000n\000e\000m\000e\000n\000t\000\040\000g\000\351\000n\000\351\000r\000a\000l\000\040\000d\000'\000u\000n\000e\000\040\000m\000a\000c\000h\000i\000n\000e\000\040\000\340\000\040\000c\000o\000u\000r\000a\000n\000t\000\040\000c\000o\000n\000t\000i\000n\000u}{section.1}% 3
\BOOKMARK [2][-]{subsection.1.2}{\376\377\000C\000a\000r\000a\000c\000t\000\351\000r\000i\000s\000t\000i\000q\000u\000e\000s\000\040\000d\000e\000s\000\040\000m\000a\000c\000h\000i\000n\000e\000s}{section.1}% 4
\BOOKMARK [2][-]{subsection.1.3}{\376\377\000\311\000q\000u\000a\000t\000i\000o\000n\000s\000\040\000d\000e\000\040\000f\000o\000n\000c\000t\000i\000o\000n\000n\000e\000m\000e\000n\000t}{section.1}% 5
\BOOKMARK [1][-]{section.2}{\376\377\000S\000t\000r\000u\000c\000t\000u\000r\000e\000\040\000d\000u\000\040\000s\000y\000s\000t\000\350\000m\000e\000\040\000c\000o\000m\000p\000l\000e\000t}{}% 6
\BOOKMARK [1][-]{section.3}{\376\377\000C\000a\000h\000i\000e\000r\000\040\000d\000e\000s\000\040\000c\000h\000a\000r\000g\000e\000s}{}% 7
\BOOKMARK [1][-]{section.4}{\376\377\000T\000e\000m\000p\000o\000r\000a\000l\000i\000t\000\351\000\040\000d\000u\000\040\000p\000r\000o\000j\000e\000t}{}% 8
\BOOKMARK [1][-]{section.5}{\376\377\000M\000o\000d\000\351\000l\000i\000s\000a\000t\000i\000o\000n\000\040\000e\000t\000\040\000s\000i\000m\000u\000l\000a\000t\000i\000o\000n\000\040\000d\000u\000\040\000s\000y\000s\000t\000\350\000m\000e\000\040\000e\000n\000\040\000b\000o\000u\000c\000l\000e\000\040\000o\000u\000v\000e\000r\000t\000e}{}% 9
\BOOKMARK [2][-]{subsection.5.1}{\376\377\000M\000o\000d\000\350\000l\000e\000\040\000d\000u\000\040\000m\000o\000t\000e\000u\000r\000\040\000s\000e\000u\000l\000\040\000s\000a\000n\000s\000\040\000f\000r\000o\000t\000t\000e\000m\000e\000n\000t\000s\000\040\000n\000i\000\040\000c\000h\000a\000r\000g\000e}{section.5}% 10
\BOOKMARK [3][-]{subsubsection.5.1.1}{\376\377\000S\000o\000u\000s\000\040\000M\000a\000t\000l\000a\000b\000/\000S\000i\000m\000u\000l\000i\000n\000k}{subsection.5.1}% 11
\BOOKMARK [3][-]{subsubsection.5.1.2}{\376\377\000S\000o\000u\000s\000\040\000P\000S\000I\000M}{subsection.5.1}% 12
\BOOKMARK [3][-]{subsubsection.5.1.3}{\376\377\000C\000o\000m\000p\000a\000r\000a\000i\000s\000o\000n\000\040\000d\000e\000s\000\040\000d\000e\000u\000x\000\040\000m\000o\000d\000\350\000l\000e\000s}{subsection.5.1}% 13
\BOOKMARK [2][-]{subsection.5.2}{\376\377\000P\000r\000i\000s\000e\000\040\000e\000n\000\040\000c\000o\000m\000p\000t\000e\000\040\000d\000e\000s\000\040\000f\000r\000o\000t\000t\000e\000m\000e\000n\000t\000s\000\040\000e\000t\000\040\000d\000e\000\040\000l\000a\000\040\000c\000h\000a\000r\000g\000e}{section.5}% 14
\BOOKMARK [3][-]{subsubsection.5.2.1}{\376\377\000N\000o\000t\000i\000o\000n\000s\000\040\000t\000h\000\351\000o\000r\000i\000q\000u\000e\000s}{subsection.5.2}% 15
\BOOKMARK [3][-]{subsubsection.5.2.2}{\376\377\000I\000m\000p\000l\000\351\000m\000e\000n\000t\000a\000t\000i\000o\000n\000\040\000s\000o\000u\000s\000\040\000P\000S\000I\000M}{subsection.5.2}% 16
\BOOKMARK [3][-]{subsubsection.5.2.3}{\376\377\000I\000m\000p\000l\000\351\000m\000e\000n\000t\000a\000t\000i\000o\000n\000\040\000s\000o\000u\000s\000\040\000M\000a\000t\000l\000a\000b\000/\000S\000i\000m\000u\000l\000i\000n\000k}{subsection.5.2}% 17
\BOOKMARK [3][-]{subsubsection.5.2.4}{\376\377\000C\000o\000m\000p\000a\000r\000a\000i\000s\000o\000n\000\040\000d\000e\000s\000\040\000d\000e\000u\000x\000\040\000m\000o\000d\000\350\000l\000e\000s}{subsection.5.2}% 18
\BOOKMARK [2][-]{subsection.5.3}{\376\377\000E\000t\000u\000d\000e\000\040\000d\000u\000\040\000r\000\351\000g\000i\000m\000e\000\040\000p\000e\000r\000m\000a\000n\000e\000n\000t}{section.5}% 19
\BOOKMARK [2][-]{subsection.5.4}{\376\377\000M\000o\000d\000\351\000l\000i\000s\000a\000t\000i\000o\000n\000\040\000d\000u\000\040\000h\000a\000c\000h\000e\000u\000r}{section.5}% 20
\BOOKMARK [3][-]{subsubsection.5.4.1}{\376\377\000N\000o\000t\000i\000o\000n\000s\000\040\000t\000h\000\351\000o\000r\000i\000q\000u\000e\000s}{subsection.5.4}% 21
\BOOKMARK [3][-]{subsubsection.5.4.2}{\376\377\000I\000m\000p\000l\000\351\000m\000e\000n\000t\000a\000t\000i\000o\000n\000\040\000s\000o\000u\000s\000\040\000P\000S\000I\000M}{subsection.5.4}% 22
\BOOKMARK [3][-]{subsubsection.5.4.3}{\376\377\000I\000m\000p\000l\000\351\000m\000e\000n\000t\000a\000t\000i\000o\000n\000\040\000s\000o\000u\000s\000\040\000M\000a\000t\000l\000a\000b\000/\000S\000i\000m\000u\000l\000i\000n\000k}{subsection.5.4}% 23
\BOOKMARK [2][-]{subsection.5.5}{\376\377\000P\000r\000i\000s\000e\000\040\000e\000n\000\040\000c\000o\000m\000p\000t\000e\000\040\000d\000e\000\040\000l\000a\000\040\000c\000o\000m\000m\000a\000n\000d\000e}{section.5}% 24
\BOOKMARK [3][-]{subsubsection.5.5.1}{\376\377\000N\000o\000t\000i\000o\000n\000s\000\040\000t\000h\000\351\000o\000r\000i\000q\000u\000e\000s}{subsection.5.5}% 25
\BOOKMARK [3][-]{subsubsection.5.5.2}{\376\377\000I\000m\000p\000l\000\351\000m\000e\000n\000t\000a\000t\000i\000o\000n\000\040\000s\000o\000u\000s\000\040\000P\000S\000I\000M}{subsection.5.5}% 26
\BOOKMARK [3][-]{subsubsection.5.5.3}{\376\377\000I\000m\000p\000l\000\351\000m\000e\000n\000t\000a\000t\000i\000o\000n\000\040\000s\000o\000u\000s\000\040\000M\000a\000t\000l\000a\000b\000/\000S\000i\000m\000u\000l\000i\000n\000k}{subsection.5.5}% 27
\BOOKMARK [2][-]{subsection.5.6}{\376\377\000E\000t\000u\000d\000e\000\040\000d\000u\000\040\000r\000\351\000g\000i\000m\000e\000\040\000p\000e\000r\000m\000a\000n\000e\000n\000t\000\040\000c\000o\000n\000s\000i\000d\000\351\000r\000a\000n\000t\000\040\000l\000a\000\040\000c\000o\000m\000m\000a\000n\000d\000e}{section.5}% 28
\BOOKMARK [3][-]{subsubsection.5.6.1}{\376\377\000S\000o\000u\000s\000\040\000M\000a\000t\000l\000a\000b\000/\000S\000i\000m\000u\000l\000i\000n\000k}{subsection.5.6}% 29
\BOOKMARK [3][-]{subsubsection.5.6.2}{\376\377\000S\000o\000u\000s\000\040\000P\000S\000I\000M}{subsection.5.6}% 30
\BOOKMARK [1][-]{section.6}{\376\377\000D\000i\000m\000e\000n\000s\000i\000o\000n\000n\000e\000m\000e\000n\000t\000\040\000e\000t\000\040\000s\000i\000m\000u\000l\000a\000t\000i\000o\000n\000\040\000d\000e\000s\000\040\000a\000s\000s\000e\000r\000v\000i\000s\000s\000e\000m\000e\000n\000t\000s}{}% 31
\BOOKMARK [2][-]{subsection.6.1}{\376\377\000P\000r\000\351\000l\000i\000m\000i\000n\000a\000i\000r\000e\000\040\000\340\000\040\000l\000'\000a\000s\000s\000e\000r\000v\000i\000s\000s\000e\000m\000e\000n\000t}{section.6}% 32
\BOOKMARK [2][-]{subsection.6.2}{\376\377\000A\000s\000s\000e\000r\000v\000i\000s\000s\000e\000m\000e\000n\000t\000\040\000e\000n\000\040\000c\000o\000u\000r\000a\000n\000t}{section.6}% 33
\BOOKMARK [3][-]{subsubsection.6.2.1}{\376\377\000C\000a\000l\000c\000u\000l\000\040\000d\000u\000\040\000c\000o\000r\000r\000e\000c\000t\000e\000u\000r}{subsection.6.2}% 34
\BOOKMARK [3][-]{subsubsection.6.2.2}{\376\377\000V\000\351\000r\000i\000f\000i\000c\000a\000t\000i\000o\000n\000\040\000d\000u\000\040\000c\000o\000r\000r\000e\000c\000t\000e\000u\000r}{subsection.6.2}% 35
\BOOKMARK [2][-]{subsection.6.3}{\376\377\000A\000s\000s\000e\000r\000v\000i\000s\000s\000e\000m\000e\000n\000t\000\040\000d\000e\000\040\000v\000i\000t\000e\000s\000s\000e}{section.6}% 36
\BOOKMARK [3][-]{subsubsection.6.3.1}{\376\377\000D\000\351\000m\000a\000r\000c\000h\000e\000\040\000g\000l\000o\000b\000a\000l\000e}{subsection.6.3}% 37
\BOOKMARK [4][-]{paragraph.6.3.1.1}{\376\377\000C\000a\000l\000c\000u\000l\000\040\000d\000u\000\040\000c\000o\000r\000r\000e\000c\000t\000e\000u\000r}{subsubsection.6.3.1}% 38
\BOOKMARK [4][-]{paragraph.6.3.1.2}{\376\377\000V\000\351\000r\000i\000f\000i\000c\000a\000t\000i\000o\000n\000\040\000d\000u\000\040\000c\000o\000r\000r\000e\000c\000t\000e\000u\000r}{subsubsection.6.3.1}% 39
\BOOKMARK [3][-]{subsubsection.6.3.2}{\376\377\000P\000r\000i\000s\000e\000\040\000e\000n\000\040\000c\000o\000m\000p\000t\000e\000\040\000d\000e\000s\000\040\000c\000a\000p\000t\000e\000u\000r\000s}{subsection.6.3}% 40
\BOOKMARK [2][-]{subsection.6.4}{\376\377\000L\000i\000e\000n\000\040\000e\000n\000t\000r\000e\000\040\000v\000a\000l\000e\000u\000r\000\040\000d\000e\000\040\000r\000\351\000f\000\351\000r\000e\000n\000c\000e\000\040\000e\000t\000\040\000v\000a\000l\000e\000u\000r\000\040\000m\000o\000y\000e\000n\000n\000e}{section.6}% 41
\BOOKMARK [1][-]{section.7}{\376\377\000C\000o\000n\000c\000e\000p\000t\000i\000o\000n\000\040\000e\000t\000\040\000d\000i\000m\000e\000n\000s\000i\000o\000n\000n\000e\000m\000e\000n\000t\000\040\000d\000e\000s\000\040\000c\000i\000r\000c\000u\000i\000t\000s\000\040\000\351\000l\000e\000c\000t\000r\000o\000n\000i\000q\000u\000e\000s}{}% 42
\BOOKMARK [2][-]{subsection.7.1}{\376\377\000A\000s\000s\000e\000r\000v\000i\000s\000s\000e\000m\000e\000n\000t}{section.7}% 43
\BOOKMARK [3][-]{subsubsection.7.1.1}{\376\377\000C\000o\000m\000p\000a\000r\000a\000t\000e\000u\000r}{subsection.7.1}% 44
\BOOKMARK [3][-]{subsubsection.7.1.2}{\376\377\000C\000o\000r\000r\000e\000c\000t\000e\000u\000r\000\040\000d\000e\000\040\000v\000i\000t\000e\000s\000s\000e}{subsection.7.1}% 45
\BOOKMARK [3][-]{subsubsection.7.1.3}{\376\377\000C\000o\000r\000r\000e\000c\000t\000e\000u\000r\000\040\000d\000e\000\040\000c\000o\000u\000r\000a\000n\000t}{subsection.7.1}% 46
\BOOKMARK [2][-]{subsection.7.2}{\376\377\000C\000i\000r\000c\000u\000i\000t\000\040\000d\000e\000\040\000m\000i\000s\000e\000\040\000e\000n\000\040\000f\000o\000r\000m\000e\000\040\000d\000u\000\040\000s\000i\000g\000n\000a\000l\000\040\000t\000a\000c\000h\000y\000m\000\351\000t\000r\000i\000q\000u\000e}{section.7}% 47
\BOOKMARK [2][-]{subsection.7.3}{\376\377\000C\000i\000r\000c\000u\000i\000t\000\040\000d\000e\000\040\000m\000i\000s\000e\000\040\000e\000n\000\040\000f\000o\000r\000m\000e\000\040\000d\000u\000\040\000s\000i\000g\000n\000a\000l\000\040\000d\000u\000\040\000c\000o\000d\000e\000u\000r\000\040\000i\000n\000c\000r\000\351\000m\000e\000n\000t\000a\000l}{section.7}% 48
\BOOKMARK [2][-]{subsection.7.4}{\376\377\000L\000i\000m\000i\000t\000e\000u\000r\000\040\000d\000e\000\040\000c\000o\000u\000r\000a\000n\000t}{section.7}% 49
\BOOKMARK [2][-]{subsection.7.5}{\376\377\000L\000i\000m\000i\000t\000e\000u\000r\000\040\000d\000e\000\040\000l\000a\000\040\000t\000e\000n\000s\000i\000o\000n\000\040\000d\000e\000\040\000c\000o\000m\000m\000a\000n\000d\000e}{section.7}% 50
\BOOKMARK [2][-]{subsection.7.6}{\376\377\000I\000n\000d\000i\000c\000a\000t\000e\000u\000r\000\040\000d\000e\000\040\000s\000e\000n\000s\000\040\000d\000e\000\040\000r\000o\000t\000a\000t\000i\000o\000n}{section.7}% 51
\BOOKMARK [2][-]{subsection.7.7}{\376\377\000R\000\351\000c\000a\000p\000i\000t\000u\000l\000a\000t\000i\000f\000\040}{section.7}% 52
\BOOKMARK [1][-]{section.8}{\376\377\000S\000i\000m\000u\000l\000a\000t\000i\000o\000n\000\040\000d\000u\000\040\000s\000y\000s\000t\000\350\000m\000e\000\040\000r\000\351\000e\000l}{}% 53
\BOOKMARK [1][-]{section*.69}{\376\377\000A\000r\000b\000o\000r\000e\000s\000c\000e\000n\000c\000e\000s\000\040\000d\000e\000s\000\040\000f\000i\000c\000h\000i\000e\000r\000s\000\040\000p\000a\000r\000\040\000f\000i\000g\000u\000r\000e}{}% 54
